<?xml version="1.0" encoding="UTF-8"?>
<testsuite name="myRetail.RetailControllerTest" tests="6" skipped="0" failures="0" errors="0" timestamp="2017-02-15T03:52:41" hostname="SnowyRampart" time="2.386">
  <properties/>
  <testcase name="testPutProduct" classname="myRetail.RetailControllerTest" time="0.51"/>
  <testcase name="testPutProductPersistence" classname="myRetail.RetailControllerTest" time="0.942"/>
  <testcase name="testPutNonExistentProducts" classname="myRetail.RetailControllerTest" time="0.234"/>
  <testcase name="testGetProducts" classname="myRetail.RetailControllerTest" time="0.227"/>
  <testcase name="testGetNonPersistedPrice" classname="myRetail.RetailControllerTest" time="0.253"/>
  <testcase name="testGetNonExistentProducts" classname="myRetail.RetailControllerTest" time="0.216"/>
  <system-out><![CDATA[21:52:38.329 [Test worker] DEBUG org.springframework.test.context.junit4.SpringJUnit4ClassRunner - SpringJUnit4ClassRunner constructor called with [class myRetail.RetailControllerTest]
21:52:38.332 [Test worker] DEBUG org.springframework.test.context.BootstrapUtils - Instantiating CacheAwareContextLoaderDelegate from class [org.springframework.test.context.cache.DefaultCacheAwareContextLoaderDelegate]
21:52:38.336 [Test worker] DEBUG org.springframework.test.context.BootstrapUtils - Instantiating BootstrapContext using constructor [public org.springframework.test.context.support.DefaultBootstrapContext(java.lang.Class,org.springframework.test.context.CacheAwareContextLoaderDelegate)]
21:52:38.343 [Test worker] DEBUG org.springframework.test.context.BootstrapUtils - Instantiating TestContextBootstrapper for test class [myRetail.RetailControllerTest] from class [org.springframework.test.context.web.WebTestContextBootstrapper]
21:52:38.358 [Test worker] DEBUG org.springframework.test.context.support.AbstractDelegatingSmartContextLoader - Delegating to GenericXmlWebContextLoader to process context configuration [ContextConfigurationAttributes@bca31f9 declaringClass = 'myRetail.RetailControllerTest', classes = '{}', locations = '{}', inheritLocations = true, initializers = '{}', inheritInitializers = true, name = [null], contextLoaderClass = 'org.springframework.test.context.ContextLoader'].
21:52:38.360 [Test worker] DEBUG org.springframework.test.context.support.AbstractContextLoader - Did not detect default resource location for test class [myRetail.RetailControllerTest]: class path resource [myRetail/RetailControllerTest-context.xml] does not exist
21:52:38.360 [Test worker] INFO org.springframework.test.context.support.AbstractContextLoader - Could not detect default resource locations for test class [myRetail.RetailControllerTest]: no resource found for suffixes {-context.xml}.
21:52:38.360 [Test worker] DEBUG org.springframework.test.context.support.AbstractDelegatingSmartContextLoader - Delegating to AnnotationConfigWebContextLoader to process context configuration [ContextConfigurationAttributes@bca31f9 declaringClass = 'myRetail.RetailControllerTest', classes = '{}', locations = '{}', inheritLocations = true, initializers = '{}', inheritInitializers = true, name = [null], contextLoaderClass = 'org.springframework.test.context.ContextLoader'].
21:52:38.365 [Test worker] INFO org.springframework.test.context.support.AbstractDelegatingSmartContextLoader - AnnotationConfigWebContextLoader detected default configuration classes for context configuration [ContextConfigurationAttributes@bca31f9 declaringClass = 'myRetail.RetailControllerTest', classes = '{class myRetail.RetailControllerTest$Config}', locations = '{}', inheritLocations = true, initializers = '{}', inheritInitializers = true, name = [null], contextLoaderClass = 'org.springframework.test.context.ContextLoader'].
21:52:38.386 [Test worker] DEBUG org.springframework.test.context.support.ActiveProfilesUtils - Could not find an 'annotation declaring class' for annotation type [org.springframework.test.context.ActiveProfiles] and class [myRetail.RetailControllerTest]
21:52:38.387 [Test worker] DEBUG org.springframework.test.context.web.WebTestContextBootstrapper - @TestExecutionListeners is not present for class [myRetail.RetailControllerTest]: using defaults.
21:52:38.390 [Test worker] INFO org.springframework.test.context.web.WebTestContextBootstrapper - Loaded default TestExecutionListener class names from location [META-INF/spring.factories]: [org.springframework.boot.test.mock.mockito.MockitoTestExecutionListener, org.springframework.boot.test.mock.mockito.ResetMocksTestExecutionListener, org.springframework.boot.test.autoconfigure.restdocs.RestDocsTestExecutionListener, org.springframework.boot.test.autoconfigure.web.client.MockRestServiceServerResetTestExecutionListener, org.springframework.boot.test.autoconfigure.web.servlet.MockMvcPrintOnlyOnFailureTestExecutionListener, org.springframework.boot.test.autoconfigure.web.servlet.WebDriverTestExecutionListener, org.springframework.test.context.web.ServletTestExecutionListener, org.springframework.test.context.support.DirtiesContextBeforeModesTestExecutionListener, org.springframework.test.context.support.DependencyInjectionTestExecutionListener, org.springframework.test.context.support.DirtiesContextTestExecutionListener, org.springframework.test.context.transaction.TransactionalTestExecutionListener, org.springframework.test.context.jdbc.SqlScriptsTestExecutionListener]
21:52:38.400 [Test worker] INFO org.springframework.test.context.web.WebTestContextBootstrapper - Using TestExecutionListeners: [org.springframework.test.context.web.ServletTestExecutionListener@2fa67160, org.springframework.test.context.support.DirtiesContextBeforeModesTestExecutionListener@25a3c655, org.springframework.test.context.support.DependencyInjectionTestExecutionListener@b28e004, org.springframework.test.context.support.DirtiesContextTestExecutionListener@24a33c60, org.springframework.test.context.transaction.TransactionalTestExecutionListener@389264e5, org.springframework.test.context.jdbc.SqlScriptsTestExecutionListener@3389ccc, org.springframework.boot.test.autoconfigure.web.servlet.MockMvcPrintOnlyOnFailureTestExecutionListener@4fdc746f, org.springframework.boot.test.mock.mockito.MockitoTestExecutionListener@72a111c8, org.springframework.boot.test.autoconfigure.web.client.MockRestServiceServerResetTestExecutionListener@59bff635, org.springframework.boot.test.mock.mockito.ResetMocksTestExecutionListener@1ea6df32, org.springframework.boot.test.autoconfigure.web.servlet.WebDriverTestExecutionListener@32f5bf85, org.springframework.boot.test.autoconfigure.restdocs.RestDocsTestExecutionListener@4820d742]
21:52:38.402 [Test worker] DEBUG org.springframework.test.annotation.ProfileValueUtils - Retrieved @ProfileValueSourceConfiguration [null] for test class [myRetail.RetailControllerTest]
21:52:38.402 [Test worker] DEBUG org.springframework.test.annotation.ProfileValueUtils - Retrieved ProfileValueSource type [class org.springframework.test.annotation.SystemProfileValueSource] for class [myRetail.RetailControllerTest]
21:52:38.402 [Test worker] DEBUG org.springframework.test.annotation.ProfileValueUtils - Retrieved @ProfileValueSourceConfiguration [null] for test class [myRetail.RetailControllerTest]
21:52:38.402 [Test worker] DEBUG org.springframework.test.annotation.ProfileValueUtils - Retrieved ProfileValueSource type [class org.springframework.test.annotation.SystemProfileValueSource] for class [myRetail.RetailControllerTest]
21:52:38.403 [Test worker] DEBUG org.springframework.test.context.support.AbstractDirtiesContextTestExecutionListener - Before test class: context [DefaultTestContext@2d996f99 testClass = RetailControllerTest, testInstance = [null], testMethod = [null], testException = [null], mergedContextConfiguration = [WebMergedContextConfiguration@797dda37 testClass = RetailControllerTest, locations = '{}', classes = '{class myRetail.RetailControllerTest$Config}', contextInitializerClasses = '[]', activeProfiles = '{}', propertySourceLocations = '{}', propertySourceProperties = '{}', contextCustomizers = set[org.springframework.boot.test.context.filter.ExcludeFilterContextCustomizer@24515c91, org.springframework.boot.test.mock.mockito.MockitoContextCustomizer@0, org.springframework.boot.test.autoconfigure.properties.PropertyMappingContextCustomizer@0, org.springframework.boot.test.autoconfigure.web.servlet.WebDriverContextCustomizerFactory$Customizer@6cee9291, org.springframework.test.context.web.socket.MockServerContainerContextCustomizer@79be6ea4], resourceBasePath = 'src/main/webapp', contextLoader = 'org.springframework.test.context.web.WebDelegatingSmartContextLoader', parent = [null]]], class annotated with @DirtiesContext [false] with mode [null].
21:52:38.404 [Test worker] DEBUG org.springframework.test.annotation.ProfileValueUtils - Retrieved @ProfileValueSourceConfiguration [null] for test class [myRetail.RetailControllerTest]
21:52:38.404 [Test worker] DEBUG org.springframework.test.annotation.ProfileValueUtils - Retrieved ProfileValueSource type [class org.springframework.test.annotation.SystemProfileValueSource] for class [myRetail.RetailControllerTest]
21:52:38.404 [Test worker] DEBUG org.springframework.test.context.support.AbstractDelegatingSmartContextLoader - Delegating to AnnotationConfigWebContextLoader to load context from [WebMergedContextConfiguration@797dda37 testClass = RetailControllerTest, locations = '{}', classes = '{class myRetail.RetailControllerTest$Config}', contextInitializerClasses = '[]', activeProfiles = '{}', propertySourceLocations = '{}', propertySourceProperties = '{}', contextCustomizers = set[org.springframework.boot.test.context.filter.ExcludeFilterContextCustomizer@24515c91, org.springframework.boot.test.mock.mockito.MockitoContextCustomizer@0, org.springframework.boot.test.autoconfigure.properties.PropertyMappingContextCustomizer@0, org.springframework.boot.test.autoconfigure.web.servlet.WebDriverContextCustomizerFactory$Customizer@6cee9291, org.springframework.test.context.web.socket.MockServerContainerContextCustomizer@79be6ea4], resourceBasePath = 'src/main/webapp', contextLoader = 'org.springframework.test.context.web.WebDelegatingSmartContextLoader', parent = [null]].
21:52:38.405 [Test worker] DEBUG org.springframework.test.context.web.AbstractGenericWebContextLoader - Loading WebApplicationContext for merged context configuration [WebMergedContextConfiguration@797dda37 testClass = RetailControllerTest, locations = '{}', classes = '{class myRetail.RetailControllerTest$Config}', contextInitializerClasses = '[]', activeProfiles = '{}', propertySourceLocations = '{}', propertySourceProperties = '{}', contextCustomizers = set[org.springframework.boot.test.context.filter.ExcludeFilterContextCustomizer@24515c91, org.springframework.boot.test.mock.mockito.MockitoContextCustomizer@0, org.springframework.boot.test.autoconfigure.properties.PropertyMappingContextCustomizer@0, org.springframework.boot.test.autoconfigure.web.servlet.WebDriverContextCustomizerFactory$Customizer@6cee9291, org.springframework.test.context.web.socket.MockServerContainerContextCustomizer@79be6ea4], resourceBasePath = 'src/main/webapp', contextLoader = 'org.springframework.test.context.web.WebDelegatingSmartContextLoader', parent = [null]].
21:52:38.432 [Test worker] DEBUG org.springframework.web.context.support.StandardServletEnvironment - Adding [servletConfigInitParams] PropertySource with lowest search precedence
21:52:38.432 [Test worker] DEBUG org.springframework.web.context.support.StandardServletEnvironment - Adding [servletContextInitParams] PropertySource with lowest search precedence
21:52:38.434 [Test worker] DEBUG org.springframework.web.context.support.StandardServletEnvironment - Adding [systemProperties] PropertySource with lowest search precedence
21:52:38.434 [Test worker] DEBUG org.springframework.web.context.support.StandardServletEnvironment - Adding [systemEnvironment] PropertySource with lowest search precedence
21:52:38.435 [Test worker] DEBUG org.springframework.web.context.support.StandardServletEnvironment - Initialized StandardServletEnvironment with PropertySources [servletConfigInitParams,servletContextInitParams,systemProperties,systemEnvironment]
21:52:38.435 [Test worker] DEBUG org.springframework.test.context.web.AnnotationConfigWebContextLoader - Registering annotated classes: {class myRetail.RetailControllerTest$Config}
21:52:38.460 [Test worker] INFO org.springframework.web.context.support.GenericWebApplicationContext - Refreshing org.springframework.web.context.support.GenericWebApplicationContext@e2db080: startup date [Tue Feb 14 21:52:38 CST 2017]; root of context hierarchy
21:52:38.462 [Test worker] DEBUG org.springframework.web.context.support.StandardServletEnvironment - Replacing [servletContextInitParams] PropertySource with [servletContextInitParams]
21:52:38.462 [Test worker] DEBUG org.springframework.web.context.support.GenericWebApplicationContext - Bean factory for org.springframework.web.context.support.GenericWebApplicationContext@e2db080: org.springframework.beans.factory.support.DefaultListableBeanFactory@19635fe9: defining beans [org.springframework.context.annotation.internalConfigurationAnnotationProcessor,org.springframework.context.annotation.internalAutowiredAnnotationProcessor,org.springframework.context.annotation.internalRequiredAnnotationProcessor,org.springframework.context.annotation.internalCommonAnnotationProcessor,org.springframework.context.event.internalEventListenerProcessor,org.springframework.context.event.internalEventListenerFactory,retailControllerTest.Config,org.springframework.boot.test.mock.mockito.MockitoPostProcessor$SpyPostProcessor,org.springframework.boot.test.mock.mockito.MockitoPostProcessor]; root of factory hierarchy
21:52:38.469 [Test worker] DEBUG org.springframework.beans.factory.support.DefaultListableBeanFactory - Registering scope 'request' with implementation [org.springframework.web.context.request.RequestScope@627af7f8]
21:52:38.469 [Test worker] DEBUG org.springframework.beans.factory.support.DefaultListableBeanFactory - Registering scope 'session' with implementation [org.springframework.web.context.request.SessionScope@3711bb3]
21:52:38.469 [Test worker] DEBUG org.springframework.beans.factory.support.DefaultListableBeanFactory - Registering scope 'globalSession' with implementation [org.springframework.web.context.request.SessionScope@3681f912]
21:52:38.469 [Test worker] DEBUG org.springframework.beans.factory.support.DefaultListableBeanFactory - Registering scope 'application' with implementation [org.springframework.web.context.support.ServletContextScope@24117d1]
21:52:38.473 [Test worker] DEBUG org.springframework.beans.factory.support.DefaultListableBeanFactory - Creating shared instance of singleton bean 'org.springframework.context.annotation.internalConfigurationAnnotationProcessor'
21:52:38.473 [Test worker] DEBUG org.springframework.beans.factory.support.DefaultListableBeanFactory - Creating instance of bean 'org.springframework.context.annotation.internalConfigurationAnnotationProcessor'
21:52:38.485 [Test worker] DEBUG org.springframework.beans.factory.support.DefaultListableBeanFactory - Eagerly caching bean 'org.springframework.context.annotation.internalConfigurationAnnotationProcessor' to allow for resolving potential circular references
21:52:38.487 [Test worker] DEBUG org.springframework.beans.factory.support.DefaultListableBeanFactory - Finished creating instance of bean 'org.springframework.context.annotation.internalConfigurationAnnotationProcessor'
21:52:38.501 [Test worker] DEBUG org.springframework.core.env.PropertySourcesPropertyResolver - Could not find key 'spring.boot.enableautoconfiguration' in any property source
21:52:38.603 [Test worker] DEBUG org.springframework.beans.factory.support.DefaultListableBeanFactory - Returning cached instance of singleton bean 'autoConfigurationReport'
21:52:38.651 [Test worker] DEBUG org.springframework.core.env.PropertySourcesPropertyResolver - Could not find key 'spring.messages.basename' in any property source
21:52:38.651 [Test worker] DEBUG org.springframework.core.io.support.PathMatchingResourcePatternResolver - Resolved classpath location [messages.properties] to resources []
21:52:38.651 [Test worker] DEBUG org.springframework.beans.factory.support.DefaultListableBeanFactory - Returning cached instance of singleton bean 'autoConfigurationReport'
21:52:38.653 [Test worker] DEBUG org.springframework.beans.factory.support.DefaultListableBeanFactory - Returning cached instance of singleton bean 'autoConfigurationReport'
21:52:38.658 [Test worker] DEBUG org.springframework.beans.factory.support.DefaultListableBeanFactory - Returning cached instance of singleton bean 'autoConfigurationReport'
21:52:38.664 [Test worker] DEBUG org.springframework.beans.factory.support.DefaultListableBeanFactory - Returning cached instance of singleton bean 'autoConfigurationReport'
21:52:38.665 [Test worker] DEBUG org.springframework.beans.factory.support.DefaultListableBeanFactory - Returning cached instance of singleton bean 'autoConfigurationReport'
21:52:38.665 [Test worker] DEBUG org.springframework.beans.factory.support.DefaultListableBeanFactory - Returning cached instance of singleton bean 'autoConfigurationReport'
21:52:38.666 [Test worker] DEBUG org.springframework.beans.factory.support.DefaultListableBeanFactory - Returning cached instance of singleton bean 'autoConfigurationReport'
21:52:38.667 [Test worker] DEBUG org.springframework.beans.factory.support.DefaultListableBeanFactory - Returning cached instance of singleton bean 'autoConfigurationReport'
21:52:38.667 [Test worker] DEBUG org.springframework.beans.factory.support.DefaultListableBeanFactory - Returning cached instance of singleton bean 'autoConfigurationReport'
21:52:38.669 [Test worker] DEBUG org.springframework.beans.factory.support.DefaultListableBeanFactory - Returning cached instance of singleton bean 'autoConfigurationReport'
21:52:38.669 [Test worker] DEBUG org.springframework.beans.factory.support.DefaultListableBeanFactory - Returning cached instance of singleton bean 'autoConfigurationReport'
21:52:38.671 [Test worker] DEBUG org.springframework.beans.factory.support.DefaultListableBeanFactory - Returning cached instance of singleton bean 'autoConfigurationReport'
21:52:38.673 [Test worker] DEBUG org.springframework.beans.factory.support.DefaultListableBeanFactory - Returning cached instance of singleton bean 'autoConfigurationReport'
21:52:38.675 [Test worker] DEBUG org.springframework.beans.factory.support.DefaultListableBeanFactory - Returning cached instance of singleton bean 'autoConfigurationReport'
21:52:38.675 [Test worker] DEBUG org.springframework.beans.factory.support.DefaultListableBeanFactory - Returning cached instance of singleton bean 'autoConfigurationReport'
21:52:38.676 [Test worker] DEBUG org.springframework.beans.factory.support.DefaultListableBeanFactory - Returning cached instance of singleton bean 'autoConfigurationReport'
21:52:38.679 [Test worker] DEBUG org.springframework.beans.factory.support.DefaultListableBeanFactory - Returning cached instance of singleton bean 'autoConfigurationReport'
21:52:38.679 [Test worker] DEBUG org.springframework.beans.factory.support.DefaultListableBeanFactory - Returning cached instance of singleton bean 'autoConfigurationReport'
21:52:38.681 [Test worker] DEBUG org.springframework.beans.factory.support.DefaultListableBeanFactory - Returning cached instance of singleton bean 'autoConfigurationReport'
21:52:38.684 [Test worker] DEBUG org.springframework.beans.factory.support.DefaultListableBeanFactory - Returning cached instance of singleton bean 'autoConfigurationReport'
21:52:38.687 [Test worker] DEBUG org.springframework.beans.factory.support.DefaultListableBeanFactory - Returning cached instance of singleton bean 'autoConfigurationReport'
21:52:38.687 [Test worker] DEBUG org.springframework.beans.factory.support.DefaultListableBeanFactory - Returning cached instance of singleton bean 'autoConfigurationReport'
21:52:38.689 [Test worker] DEBUG org.springframework.beans.factory.support.DefaultListableBeanFactory - Returning cached instance of singleton bean 'autoConfigurationReport'
21:52:38.689 [Test worker] DEBUG org.springframework.beans.factory.support.DefaultListableBeanFactory - Returning cached instance of singleton bean 'autoConfigurationReport'
21:52:38.690 [Test worker] DEBUG org.springframework.beans.factory.support.DefaultListableBeanFactory - Returning cached instance of singleton bean 'autoConfigurationReport'
21:52:38.690 [Test worker] DEBUG org.springframework.beans.factory.support.DefaultListableBeanFactory - Returning cached instance of singleton bean 'autoConfigurationReport'
21:52:38.694 [Test worker] DEBUG org.springframework.beans.factory.support.DefaultListableBeanFactory - Returning cached instance of singleton bean 'autoConfigurationReport'
21:52:38.699 [Test worker] DEBUG org.springframework.beans.factory.support.DefaultListableBeanFactory - Returning cached instance of singleton bean 'autoConfigurationReport'
21:52:38.702 [Test worker] DEBUG org.springframework.beans.factory.support.DefaultListableBeanFactory - Returning cached instance of singleton bean 'autoConfigurationReport'
21:52:38.702 [Test worker] DEBUG org.springframework.beans.factory.support.DefaultListableBeanFactory - Returning cached instance of singleton bean 'autoConfigurationReport'
21:52:38.707 [Test worker] DEBUG org.springframework.beans.factory.support.DefaultListableBeanFactory - Returning cached instance of singleton bean 'autoConfigurationReport'
21:52:38.711 [Test worker] DEBUG org.springframework.beans.factory.support.DefaultListableBeanFactory - Returning cached instance of singleton bean 'autoConfigurationReport'
21:52:38.716 [Test worker] DEBUG org.springframework.beans.factory.support.DefaultListableBeanFactory - Returning cached instance of singleton bean 'autoConfigurationReport'
21:52:38.716 [Test worker] DEBUG org.springframework.beans.factory.support.DefaultListableBeanFactory - Returning cached instance of singleton bean 'autoConfigurationReport'
21:52:38.717 [Test worker] DEBUG org.springframework.beans.factory.support.DefaultListableBeanFactory - Returning cached instance of singleton bean 'autoConfigurationReport'
21:52:38.718 [Test worker] DEBUG org.springframework.beans.factory.support.DefaultListableBeanFactory - Returning cached instance of singleton bean 'autoConfigurationReport'
21:52:38.723 [Test worker] DEBUG org.springframework.beans.factory.support.DefaultListableBeanFactory - Returning cached instance of singleton bean 'autoConfigurationReport'
21:52:38.736 [Test worker] DEBUG org.springframework.beans.factory.support.DefaultListableBeanFactory - Returning cached instance of singleton bean 'autoConfigurationReport'
21:52:38.738 [Test worker] DEBUG org.springframework.beans.factory.support.DefaultListableBeanFactory - Returning cached instance of singleton bean 'autoConfigurationReport'
21:52:38.740 [Test worker] DEBUG org.springframework.beans.factory.support.DefaultListableBeanFactory - Returning cached instance of singleton bean 'autoConfigurationReport'
21:52:38.740 [Test worker] DEBUG org.springframework.beans.factory.support.DefaultListableBeanFactory - Returning cached instance of singleton bean 'autoConfigurationReport'
21:52:38.740 [Test worker] DEBUG org.springframework.beans.factory.support.DefaultListableBeanFactory - Returning cached instance of singleton bean 'autoConfigurationReport'
21:52:38.741 [Test worker] DEBUG org.springframework.beans.factory.support.DefaultListableBeanFactory - Returning cached instance of singleton bean 'autoConfigurationReport'
21:52:38.741 [Test worker] DEBUG org.springframework.beans.factory.support.DefaultListableBeanFactory - Returning cached instance of singleton bean 'autoConfigurationReport'
21:52:38.742 [Test worker] DEBUG org.springframework.beans.factory.support.DefaultListableBeanFactory - Returning cached instance of singleton bean 'autoConfigurationReport'
21:52:38.744 [Test worker] DEBUG org.springframework.beans.factory.support.DefaultListableBeanFactory - Returning cached instance of singleton bean 'autoConfigurationReport'
21:52:38.745 [Test worker] DEBUG org.springframework.beans.factory.support.DefaultListableBeanFactory - Returning cached instance of singleton bean 'autoConfigurationReport'
21:52:38.746 [Test worker] DEBUG org.springframework.beans.factory.support.DefaultListableBeanFactory - Returning cached instance of singleton bean 'autoConfigurationReport'
21:52:38.749 [Test worker] DEBUG org.springframework.beans.factory.support.DefaultListableBeanFactory - Returning cached instance of singleton bean 'autoConfigurationReport'
21:52:38.750 [Test worker] DEBUG org.springframework.beans.factory.support.DefaultListableBeanFactory - Returning cached instance of singleton bean 'autoConfigurationReport'
21:52:38.751 [Test worker] DEBUG org.springframework.beans.factory.support.DefaultListableBeanFactory - Returning cached instance of singleton bean 'autoConfigurationReport'
21:52:38.755 [Test worker] DEBUG org.springframework.beans.factory.support.DefaultListableBeanFactory - Returning cached instance of singleton bean 'autoConfigurationReport'
21:52:38.757 [Test worker] DEBUG org.springframework.beans.factory.support.DefaultListableBeanFactory - Returning cached instance of singleton bean 'autoConfigurationReport'
21:52:38.759 [Test worker] DEBUG org.springframework.beans.factory.support.DefaultListableBeanFactory - Returning cached instance of singleton bean 'autoConfigurationReport'
21:52:38.759 [Test worker] DEBUG org.springframework.beans.factory.support.DefaultListableBeanFactory - Returning cached instance of singleton bean 'autoConfigurationReport'
21:52:38.764 [Test worker] DEBUG org.springframework.beans.factory.support.DefaultListableBeanFactory - Returning cached instance of singleton bean 'autoConfigurationReport'
21:52:38.767 [Test worker] DEBUG org.springframework.beans.factory.support.DefaultListableBeanFactory - Returning cached instance of singleton bean 'autoConfigurationReport'
21:52:38.769 [Test worker] DEBUG org.springframework.beans.factory.support.DefaultListableBeanFactory - Returning cached instance of singleton bean 'autoConfigurationReport'
21:52:38.772 [Test worker] DEBUG org.springframework.beans.factory.support.DefaultListableBeanFactory - Returning cached instance of singleton bean 'autoConfigurationReport'
21:52:38.773 [Test worker] DEBUG org.springframework.beans.factory.support.DefaultListableBeanFactory - Returning cached instance of singleton bean 'autoConfigurationReport'
21:52:38.773 [Test worker] DEBUG org.springframework.beans.factory.support.DefaultListableBeanFactory - Returning cached instance of singleton bean 'autoConfigurationReport'
21:52:38.774 [Test worker] DEBUG org.springframework.beans.factory.support.DefaultListableBeanFactory - Returning cached instance of singleton bean 'autoConfigurationReport'
21:52:38.774 [Test worker] DEBUG org.springframework.beans.factory.support.DefaultListableBeanFactory - Returning cached instance of singleton bean 'autoConfigurationReport'
21:52:38.774 [Test worker] DEBUG org.springframework.beans.factory.support.DefaultListableBeanFactory - Returning cached instance of singleton bean 'autoConfigurationReport'
21:52:38.787 [Test worker] DEBUG org.springframework.core.io.support.PathMatchingResourcePatternResolver - Resolved classpath location [org/springframework/data/rest/webmvc/] to resources [URL [jar:file:/C:/Users/Rob/.gradle/caches/modules-2/files-2.1/org.springframework.data/spring-data-rest-webmvc/2.6.0.RELEASE/a14ad0df64da67dcc88d10508944feb6bb1c922c/spring-data-rest-webmvc-2.6.0.RELEASE.jar!/org/springframework/data/rest/webmvc/]]
21:52:38.787 [Test worker] DEBUG org.springframework.core.io.support.PathMatchingResourcePatternResolver - Looking for matching resources in jar file [file:/C:/Users/Rob/.gradle/caches/modules-2/files-2.1/org.springframework.data/spring-data-rest-webmvc/2.6.0.RELEASE/a14ad0df64da67dcc88d10508944feb6bb1c922c/spring-data-rest-webmvc-2.6.0.RELEASE.jar]
21:52:38.792 [Test worker] DEBUG org.springframework.core.io.support.PathMatchingResourcePatternResolver - Resolved location pattern [classpath*:org/springframework/data/rest/webmvc/**/*.class] to resources [URL [jar:file:/C:/Users/Rob/.gradle/caches/modules-2/files-2.1/org.springframework.data/spring-data-rest-webmvc/2.6.0.RELEASE/a14ad0df64da67dcc88d10508944feb6bb1c922c/spring-data-rest-webmvc-2.6.0.RELEASE.jar!/org/springframework/data/rest/webmvc/AbstractRepositoryRestController.class], URL [jar:file:/C:/Users/Rob/.gradle/caches/modules-2/files-2.1/org.springframework.data/spring-data-rest-webmvc/2.6.0.RELEASE/a14ad0df64da67dcc88d10508944feb6bb1c922c/spring-data-rest-webmvc-2.6.0.RELEASE.jar!/org/springframework/data/rest/webmvc/json/Jackson2DatatypeHelper$1.class], URL [jar:file:/C:/Users/Rob/.gradle/caches/modules-2/files-2.1/org.springframework.data/spring-data-rest-webmvc/2.6.0.RELEASE/a14ad0df64da67dcc88d10508944feb6bb1c922c/spring-data-rest-webmvc-2.6.0.RELEASE.jar!/org/springframework/data/rest/webmvc/json/Jackson2DatatypeHelper$Hibernate4ModuleRegistrar.class], URL [jar:file:/C:/Users/Rob/.gradle/caches/modules-2/files-2.1/org.springframework.data/spring-data-rest-webmvc/2.6.0.RELEASE/a14ad0df64da67dcc88d10508944feb6bb1c922c/spring-data-rest-webmvc-2.6.0.RELEASE.jar!/org/springframework/data/rest/webmvc/json/JacksonMappingAwareSortTranslator.class], URL [jar:file:/C:/Users/Rob/.gradle/caches/modules-2/files-2.1/org.springframework.data/spring-data-rest-webmvc/2.6.0.RELEASE/a14ad0df64da67dcc88d10508944feb6bb1c922c/spring-data-rest-webmvc-2.6.0.RELEASE.jar!/org/springframework/data/rest/webmvc/json/JacksonMetadata.class], URL [jar:file:/C:/Users/Rob/.gradle/caches/modules-2/files-2.1/org.springframework.data/spring-data-rest-webmvc/2.6.0.RELEASE/a14ad0df64da67dcc88d10508944feb6bb1c922c/spring-data-rest-webmvc-2.6.0.RELEASE.jar!/org/springframework/data/rest/webmvc/json/JsonSchema$Definitions.class], URL [jar:file:/C:/Users/Rob/.gradle/caches/modules-2/files-2.1/org.springframework.data/spring-data-rest-webmvc/2.6.0.RELEASE/a14ad0df64da67dcc88d10508944feb6bb1c922c/spring-data-rest-webmvc-2.6.0.RELEASE.jar!/org/springframework/data/rest/webmvc/json/JsonSchema$JsonSchemaProperty.class], URL [jar:file:/C:/Users/Rob/.gradle/caches/modules-2/files-2.1/org.springframework.data/spring-data-rest-webmvc/2.6.0.RELEASE/a14ad0df64da67dcc88d10508944feb6bb1c922c/spring-data-rest-webmvc-2.6.0.RELEASE.jar!/org/springframework/data/rest/webmvc/json/MappedProperties.class], URL [jar:file:/C:/Users/Rob/.gradle/caches/modules-2/files-2.1/org.springframework.data/spring-data-rest-webmvc/2.6.0.RELEASE/a14ad0df64da67dcc88d10508944feb6bb1c922c/spring-data-rest-webmvc-2.6.0.RELEASE.jar!/org/springframework/data/rest/webmvc/json/MappingAwarePageableArgumentResolver.class], URL [jar:file:/C:/Users/Rob/.gradle/caches/modules-2/files-2.1/org.springframework.data/spring-data-rest-webmvc/2.6.0.RELEASE/a14ad0df64da67dcc88d10508944feb6bb1c922c/spring-data-rest-webmvc-2.6.0.RELEASE.jar!/org/springframework/data/rest/webmvc/json/patch/AddOperation.class], URL [jar:file:/C:/Users/Rob/.gradle/caches/modules-2/files-2.1/org.springframework.data/spring-data-rest-webmvc/2.6.0.RELEASE/a14ad0df64da67dcc88d10508944feb6bb1c922c/spring-data-rest-webmvc-2.6.0.RELEASE.jar!/org/springframework/data/rest/webmvc/json/patch/FromOperation.class], URL [jar:file:/C:/Users/Rob/.gradle/caches/modules-2/files-2.1/org.springframework.data/spring-data-rest-webmvc/2.6.0.RELEASE/a14ad0df64da67dcc88d10508944feb6bb1c922c/spring-data-rest-webmvc-2.6.0.RELEASE.jar!/org/springframework/data/rest/webmvc/json/patch/JsonPatchPatchConverter.class], URL [jar:file:/C:/Users/Rob/.gradle/caches/modules-2/files-2.1/org.springframework.data/spring-data-rest-webmvc/2.6.0.RELEASE/a14ad0df64da67dcc88d10508944feb6bb1c922c/spring-data-rest-webmvc-2.6.0.RELEASE.jar!/org/springframework/data/rest/webmvc/json/patch/PatchConverter.class], URL [jar:file:/C:/Users/Rob/.gradle/caches/modules-2/files-2.1/org.springframework.data/spring-data-rest-webmvc/2.6.0.RELEASE/a14ad0df64da67dcc88d10508944feb6bb1c922c/spring-data-rest-webmvc-2.6.0.RELEASE.jar!/org/springframework/data/rest/webmvc/json/patch/PatchException.class], URL [jar:file:/C:/Users/Rob/.gradle/caches/modules-2/files-2.1/org.springframework.data/spring-data-rest-webmvc/2.6.0.RELEASE/a14ad0df64da67dcc88d10508944feb6bb1c922c/spring-data-rest-webmvc-2.6.0.RELEASE.jar!/org/springframework/data/rest/webmvc/json/patch/PathToSpEL.class], URL [jar:file:/C:/Users/Rob/.gradle/caches/modules-2/files-2.1/org.springframework.data/spring-data-rest-webmvc/2.6.0.RELEASE/a14ad0df64da67dcc88d10508944feb6bb1c922c/spring-data-rest-webmvc-2.6.0.RELEASE.jar!/org/springframework/data/rest/webmvc/json/patch/ReplaceOperation.class], URL [jar:file:/C:/Users/Rob/.gradle/caches/modules-2/files-2.1/org.springframework.data/spring-data-rest-webmvc/2.6.0.RELEASE/a14ad0df64da67dcc88d10508944feb6bb1c922c/spring-data-rest-webmvc-2.6.0.RELEASE.jar!/org/springframework/data/rest/webmvc/json/PersistentEntityJackson2Module$1.class], URL [jar:file:/C:/Users/Rob/.gradle/caches/modules-2/files-2.1/org.springframework.data/spring-data-rest-webmvc/2.6.0.RELEASE/a14ad0df64da67dcc88d10508944feb6bb1c922c/spring-data-rest-webmvc-2.6.0.RELEASE.jar!/org/springframework/data/rest/webmvc/json/PersistentEntityJackson2Module$AssociationOmittingSerializerModifier.class], URL [jar:file:/C:/Users/Rob/.gradle/caches/modules-2/files-2.1/org.springframework.data/spring-data-rest-webmvc/2.6.0.RELEASE/a14ad0df64da67dcc88d10508944feb6bb1c922c/spring-data-rest-webmvc-2.6.0.RELEASE.jar!/org/springframework/data/rest/webmvc/json/PersistentEntityJackson2Module$CollectionValueInstantiator.class], URL [jar:file:/C:/Users/Rob/.gradle/caches/modules-2/files-2.1/org.springframework.data/spring-data-rest-webmvc/2.6.0.RELEASE/a14ad0df64da67dcc88d10508944feb6bb1c922c/spring-data-rest-webmvc-2.6.0.RELEASE.jar!/org/springframework/data/rest/webmvc/json/PersistentEntityJackson2Module$NestedEntitySerializer.class], URL [jar:file:/C:/Users/Rob/.gradle/caches/modules-2/files-2.1/org.springframework.data/spring-data-rest-webmvc/2.6.0.RELEASE/a14ad0df64da67dcc88d10508944feb6bb1c922c/spring-data-rest-webmvc-2.6.0.RELEASE.jar!/org/springframework/data/rest/webmvc/json/PersistentEntityJackson2Module$ProjectionResource.class], URL [jar:file:/C:/Users/Rob/.gradle/caches/modules-2/files-2.1/org.springframework.data/spring-data-rest-webmvc/2.6.0.RELEASE/a14ad0df64da67dcc88d10508944feb6bb1c922c/spring-data-rest-webmvc-2.6.0.RELEASE.jar!/org/springframework/data/rest/webmvc/json/PersistentEntityJackson2Module$ProjectionResourceContent.class], URL [jar:file:/C:/Users/Rob/.gradle/caches/modules-2/files-2.1/org.springframework.data/spring-data-rest-webmvc/2.6.0.RELEASE/a14ad0df64da67dcc88d10508944feb6bb1c922c/spring-data-rest-webmvc-2.6.0.RELEASE.jar!/org/springframework/data/rest/webmvc/json/PersistentEntityJackson2Module$ProjectionSerializer.class], URL [jar:file:/C:/Users/Rob/.gradle/caches/modules-2/files-2.1/org.springframework.data/spring-data-rest-webmvc/2.6.0.RELEASE/a14ad0df64da67dcc88d10508944feb6bb1c922c/spring-data-rest-webmvc-2.6.0.RELEASE.jar!/org/springframework/data/rest/webmvc/json/PersistentEntityJackson2Module.class], URL [jar:file:/C:/Users/Rob/.gradle/caches/modules-2/files-2.1/org.springframework.data/spring-data-rest-webmvc/2.6.0.RELEASE/a14ad0df64da67dcc88d10508944feb6bb1c922c/spring-data-rest-webmvc-2.6.0.RELEASE.jar!/org/springframework/data/rest/webmvc/json/PersistentEntityToJsonSchemaConverter$JsonSchemaPropertyRegistrar.class], URL [jar:file:/C:/Users/Rob/.gradle/caches/modules-2/files-2.1/org.springframework.data/spring-data-rest-webmvc/2.6.0.RELEASE/a14ad0df64da67dcc88d10508944feb6bb1c922c/spring-data-rest-webmvc-2.6.0.RELEASE.jar!/org/springframework/data/rest/webmvc/json/PersistentEntityToJsonSchemaConverter$ValueTypeSchemaPropertyCustomizerFactory$1.class], URL [jar:file:/C:/Users/Rob/.gradle/caches/modules-2/files-2.1/org.springframework.data/spring-data-rest-webmvc/2.6.0.RELEASE/a14ad0df64da67dcc88d10508944feb6bb1c922c/spring-data-rest-webmvc-2.6.0.RELEASE.jar!/org/springframework/data/rest/webmvc/json/WrappedProperties$JacksonUnwrappedPropertiesResolver.class], URL [jar:file:/C:/Users/Rob/.gradle/caches/modules-2/files-2.1/org.springframework.data/spring-data-rest-webmvc/2.6.0.RELEASE/a14ad0df64da67dcc88d10508944feb6bb1c922c/spring-data-rest-webmvc-2.6.0.RELEASE.jar!/org/springframework/data/rest/webmvc/json/WrappedProperties.class], URL [jar:file:/C:/Users/Rob/.gradle/caches/modules-2/files-2.1/org.springframework.data/spring-data-rest-webmvc/2.6.0.RELEASE/a14ad0df64da67dcc88d10508944feb6bb1c922c/spring-data-rest-webmvc-2.6.0.RELEASE.jar!/org/springframework/data/rest/webmvc/mapping/Associations.class], URL [jar:file:/C:/Users/Rob/.gradle/caches/modules-2/files-2.1/org.springframework.data/spring-data-rest-webmvc/2.6.0.RELEASE/a14ad0df64da67dcc88d10508944feb6bb1c922c/spring-data-rest-webmvc-2.6.0.RELEASE.jar!/org/springframework/data/rest/webmvc/mapping/LinkCollectingAssociationHandler.class], URL [jar:file:/C:/Users/Rob/.gradle/caches/modules-2/files-2.1/org.springframework.data/spring-data-rest-webmvc/2.6.0.RELEASE/a14ad0df64da67dcc88d10508944feb6bb1c922c/spring-data-rest-webmvc-2.6.0.RELEASE.jar!/org/springframework/data/rest/webmvc/mapping/LinkCollector$LinkCollectingAssociationHandler.class], URL [jar:file:/C:/Users/Rob/.gradle/caches/modules-2/files-2.1/org.springframework.data/spring-data-rest-webmvc/2.6.0.RELEASE/a14ad0df64da67dcc88d10508944feb6bb1c922c/spring-data-rest-webmvc-2.6.0.RELEASE.jar!/org/springframework/data/rest/webmvc/mapping/LinkCollector.class], URL [jar:file:/C:/Users/Rob/.gradle/caches/modules-2/files-2.1/org.springframework.data/spring-data-rest-webmvc/2.6.0.RELEASE/a14ad0df64da67dcc88d10508944feb6bb1c922c/spring-data-rest-webmvc-2.6.0.RELEASE.jar!/org/springframework/data/rest/webmvc/PersistentEntityResource$1.class], URL [jar:file:/C:/Users/Rob/.gradle/caches/modules-2/files-2.1/org.springframework.data/spring-data-rest-webmvc/2.6.0.RELEASE/a14ad0df64da67dcc88d10508944feb6bb1c922c/spring-data-rest-webmvc-2.6.0.RELEASE.jar!/org/springframework/data/rest/webmvc/PersistentEntityResource$Builder.class], URL [jar:file:/C:/Users/Rob/.gradle/caches/modules-2/files-2.1/org.springframework.data/spring-data-rest-webmvc/2.6.0.RELEASE/a14ad0df64da67dcc88d10508944feb6bb1c922c/spring-data-rest-webmvc-2.6.0.RELEASE.jar!/org/springframework/data/rest/webmvc/PersistentEntityResource.class], URL [jar:file:/C:/Users/Rob/.gradle/caches/modules-2/files-2.1/org.springframework.data/spring-data-rest-webmvc/2.6.0.RELEASE/a14ad0df64da67dcc88d10508944feb6bb1c922c/spring-data-rest-webmvc-2.6.0.RELEASE.jar!/org/springframework/data/rest/webmvc/ProfileController.class], URL [jar:file:/C:/Users/Rob/.gradle/caches/modules-2/files-2.1/org.springframework.data/spring-data-rest-webmvc/2.6.0.RELEASE/a14ad0df64da67dcc88d10508944feb6bb1c922c/spring-data-rest-webmvc-2.6.0.RELEASE.jar!/org/springframework/data/rest/webmvc/RepositoryEntityController$1.class], URL [jar:file:/C:/Users/Rob/.gradle/caches/modules-2/files-2.1/org.springframework.data/spring-data-rest-webmvc/2.6.0.RELEASE/a14ad0df64da67dcc88d10508944feb6bb1c922c/spring-data-rest-webmvc-2.6.0.RELEASE.jar!/org/springframework/data/rest/webmvc/RepositoryEntityController.class], URL [jar:file:/C:/Users/Rob/.gradle/caches/modules-2/files-2.1/org.springframework.data/spring-data-rest-webmvc/2.6.0.RELEASE/a14ad0df64da67dcc88d10508944feb6bb1c922c/spring-data-rest-webmvc-2.6.0.RELEASE.jar!/org/springframework/data/rest/webmvc/RepositoryPropertyReferenceController$5.class], URL [jar:file:/C:/Users/Rob/.gradle/caches/modules-2/files-2.1/org.springframework.data/spring-data-rest-webmvc/2.6.0.RELEASE/a14ad0df64da67dcc88d10508944feb6bb1c922c/spring-data-rest-webmvc-2.6.0.RELEASE.jar!/org/springframework/data/rest/webmvc/RepositoryPropertyReferenceController.class], URL [jar:file:/C:/Users/Rob/.gradle/caches/modules-2/files-2.1/org.springframework.data/spring-data-rest-webmvc/2.6.0.RELEASE/a14ad0df64da67dcc88d10508944feb6bb1c922c/spring-data-rest-webmvc-2.6.0.RELEASE.jar!/org/springframework/data/rest/webmvc/RepositoryRestHandlerMapping$NoOpStringValueResolver.class], URL [jar:file:/C:/Users/Rob/.gradle/caches/modules-2/files-2.1/org.springframework.data/spring-data-rest-webmvc/2.6.0.RELEASE/a14ad0df64da67dcc88d10508944feb6bb1c922c/spring-data-rest-webmvc-2.6.0.RELEASE.jar!/org/springframework/data/rest/webmvc/RepositorySchemaController.class], URL [jar:file:/C:/Users/Rob/.gradle/caches/modules-2/files-2.1/org.springframework.data/spring-data-rest-webmvc/2.6.0.RELEASE/a14ad0df64da67dcc88d10508944feb6bb1c922c/spring-data-rest-webmvc-2.6.0.RELEASE.jar!/org/springframework/data/rest/webmvc/RepositorySearchController$1.class], URL [jar:file:/C:/Users/Rob/.gradle/caches/modules-2/files-2.1/org.springframework.data/spring-data-rest-webmvc/2.6.0.RELEASE/a14ad0df64da67dcc88d10508944feb6bb1c922c/spring-data-rest-webmvc-2.6.0.RELEASE.jar!/org/springframework/data/rest/webmvc/RepositorySearchesResource.class], URL [jar:file:/C:/Users/Rob/.gradle/caches/modules-2/files-2.1/org.springframework.data/spring-data-rest-webmvc/2.6.0.RELEASE/a14ad0df64da67dcc88d10508944feb6bb1c922c/spring-data-rest-webmvc-2.6.0.RELEASE.jar!/org/springframework/data/rest/webmvc/ResourceProcessorHandlerMethodReturnValueHandler.class], URL [jar:file:/C:/Users/Rob/.gradle/caches/modules-2/files-2.1/org.springframework.data/spring-data-rest-webmvc/2.6.0.RELEASE/a14ad0df64da67dcc88d10508944feb6bb1c922c/spring-data-rest-webmvc-2.6.0.RELEASE.jar!/org/springframework/data/rest/webmvc/alps/AlpsController.class], URL [jar:file:/C:/Users/Rob/.gradle/caches/modules-2/files-2.1/org.springframework.data/spring-data-rest-webmvc/2.6.0.RELEASE/a14ad0df64da67dcc88d10508944feb6bb1c922c/spring-data-rest-webmvc-2.6.0.RELEASE.jar!/org/springframework/data/rest/webmvc/alps/RootResourceInformationToAlpsDescriptorConverter$2.class], URL [jar:file:/C:/Users/Rob/.gradle/caches/modules-2/files-2.1/org.springframework.data/spring-data-rest-webmvc/2.6.0.RELEASE/a14ad0df64da67dcc88d10508944feb6bb1c922c/spring-data-rest-webmvc-2.6.0.RELEASE.jar!/org/springframework/data/rest/webmvc/alps/RootResourceInformationToAlpsDescriptorConverter.class], URL [jar:file:/C:/Users/Rob/.gradle/caches/modules-2/files-2.1/org.springframework.data/spring-data-rest-webmvc/2.6.0.RELEASE/a14ad0df64da67dcc88d10508944feb6bb1c922c/spring-data-rest-webmvc-2.6.0.RELEASE.jar!/org/springframework/data/rest/webmvc/BaseUri.class], URL [jar:file:/C:/Users/Rob/.gradle/caches/modules-2/files-2.1/org.springframework.data/spring-data-rest-webmvc/2.6.0.RELEASE/a14ad0df64da67dcc88d10508944feb6bb1c922c/spring-data-rest-webmvc-2.6.0.RELEASE.jar!/org/springframework/data/rest/webmvc/config/JsonPatchHandler.class], URL [jar:file:/C:/Users/Rob/.gradle/caches/modules-2/files-2.1/org.springframework.data/spring-data-rest-webmvc/2.6.0.RELEASE/a14ad0df64da67dcc88d10508944feb6bb1c922c/spring-data-rest-webmvc-2.6.0.RELEASE.jar!/org/springframework/data/rest/webmvc/config/PersistentEntityResourceHandlerMethodArgumentResolver.class], URL [jar:file:/C:/Users/Rob/.gradle/caches/modules-2/files-2.1/org.springframework.data/spring-data-rest-webmvc/2.6.0.RELEASE/a14ad0df64da67dcc88d10508944feb6bb1c922c/spring-data-rest-webmvc-2.6.0.RELEASE.jar!/org/springframework/data/rest/webmvc/config/RepositoryRestConfigurer.class], URL [jar:file:/C:/Users/Rob/.gradle/caches/modules-2/files-2.1/org.springframework.data/spring-data-rest-webmvc/2.6.0.RELEASE/a14ad0df64da67dcc88d10508944feb6bb1c922c/spring-data-rest-webmvc-2.6.0.RELEASE.jar!/org/springframework/data/rest/webmvc/config/RepositoryRestConfigurerAdapter.class], URL [jar:file:/C:/Users/Rob/.gradle/caches/modules-2/files-2.1/org.springframework.data/spring-data-rest-webmvc/2.6.0.RELEASE/a14ad0df64da67dcc88d10508944feb6bb1c922c/spring-data-rest-webmvc-2.6.0.RELEASE.jar!/org/springframework/data/rest/webmvc/config/RepositoryRestMvcConfiguration$ResourceSupportHttpMessageConverter.class], URL [jar:file:/C:/Users/Rob/.gradle/caches/modules-2/files-2.1/org.springframework.data/spring-data-rest-webmvc/2.6.0.RELEASE/a14ad0df64da67dcc88d10508944feb6bb1c922c/spring-data-rest-webmvc-2.6.0.RELEASE.jar!/org/springframework/data/rest/webmvc/config/ResourceMetadataHandlerMethodArgumentResolver.class], URL [jar:file:/C:/Users/Rob/.gradle/caches/modules-2/files-2.1/org.springframework.data/spring-data-rest-webmvc/2.6.0.RELEASE/a14ad0df64da67dcc88d10508944feb6bb1c922c/spring-data-rest-webmvc-2.6.0.RELEASE.jar!/org/springframework/data/rest/webmvc/config/RootResourceInformationHandlerMethodArgumentResolver.class], URL [jar:file:/C:/Users/Rob/.gradle/caches/modules-2/files-2.1/org.springframework.data/spring-data-rest-webmvc/2.6.0.RELEASE/a14ad0df64da67dcc88d10508944feb6bb1c922c/spring-data-rest-webmvc-2.6.0.RELEASE.jar!/org/springframework/data/rest/webmvc/ControllerUtils.class], URL [jar:file:/C:/Users/Rob/.gradle/caches/modules-2/files-2.1/org.springframework.data/spring-data-rest-webmvc/2.6.0.RELEASE/a14ad0df64da67dcc88d10508944feb6bb1c922c/spring-data-rest-webmvc-2.6.0.RELEASE.jar!/org/springframework/data/rest/webmvc/convert/UriListHttpMessageConverter.class], URL [jar:file:/C:/Users/Rob/.gradle/caches/modules-2/files-2.1/org.springframework.data/spring-data-rest-webmvc/2.6.0.RELEASE/a14ad0df64da67dcc88d10508944feb6bb1c922c/spring-data-rest-webmvc-2.6.0.RELEASE.jar!/org/springframework/data/rest/webmvc/EmbeddedResourcesAssembler$1.class], URL [jar:file:/C:/Users/Rob/.gradle/caches/modules-2/files-2.1/org.springframework.data/spring-data-rest-webmvc/2.6.0.RELEASE/a14ad0df64da67dcc88d10508944feb6bb1c922c/spring-data-rest-webmvc-2.6.0.RELEASE.jar!/org/springframework/data/rest/webmvc/EmbeddedResourcesAssembler.class], URL [jar:file:/C:/Users/Rob/.gradle/caches/modules-2/files-2.1/org.springframework.data/spring-data-rest-webmvc/2.6.0.RELEASE/a14ad0df64da67dcc88d10508944feb6bb1c922c/spring-data-rest-webmvc-2.6.0.RELEASE.jar!/org/springframework/data/rest/webmvc/HttpHeadersPreparer.class], URL [jar:file:/C:/Users/Rob/.gradle/caches/modules-2/files-2.1/org.springframework.data/spring-data-rest-webmvc/2.6.0.RELEASE/a14ad0df64da67dcc88d10508944feb6bb1c922c/spring-data-rest-webmvc-2.6.0.RELEASE.jar!/org/springframework/data/rest/webmvc/IncomingRequest.class], URL [jar:file:/C:/Users/Rob/.gradle/caches/modules-2/files-2.1/org.springframework.data/spring-data-rest-webmvc/2.6.0.RELEASE/a14ad0df64da67dcc88d10508944feb6bb1c922c/spring-data-rest-webmvc-2.6.0.RELEASE.jar!/org/springframework/data/rest/webmvc/json/DomainObjectReader$LinkedAssociationSkippingAssociationHandler.class], URL [jar:file:/C:/Users/Rob/.gradle/caches/modules-2/files-2.1/org.springframework.data/spring-data-rest-webmvc/2.6.0.RELEASE/a14ad0df64da67dcc88d10508944feb6bb1c922c/spring-data-rest-webmvc-2.6.0.RELEASE.jar!/org/springframework/data/rest/webmvc/json/DomainObjectReader.class], URL [jar:file:/C:/Users/Rob/.gradle/caches/modules-2/files-2.1/org.springframework.data/spring-data-rest-webmvc/2.6.0.RELEASE/a14ad0df64da67dcc88d10508944feb6bb1c922c/spring-data-rest-webmvc-2.6.0.RELEASE.jar!/org/springframework/data/rest/webmvc/json/Jackson2DatatypeHelper$JodaModuleRegistrar.class], URL [jar:file:/C:/Users/Rob/.gradle/caches/modules-2/files-2.1/org.springframework.data/spring-data-rest-webmvc/2.6.0.RELEASE/a14ad0df64da67dcc88d10508944feb6bb1c922c/spring-data-rest-webmvc-2.6.0.RELEASE.jar!/org/springframework/data/rest/webmvc/json/JacksonMappingAwareSortTranslator$SortTranslator.class], URL [jar:file:/C:/Users/Rob/.gradle/caches/modules-2/files-2.1/org.springframework.data/spring-data-rest-webmvc/2.6.0.RELEASE/a14ad0df64da67dcc88d10508944feb6bb1c922c/spring-data-rest-webmvc-2.6.0.RELEASE.jar!/org/springframework/data/rest/webmvc/json/JacksonSerializers$EnumTranslatingSerializer.class], URL [jar:file:/C:/Users/Rob/.gradle/caches/modules-2/files-2.1/org.springframework.data/spring-data-rest-webmvc/2.6.0.RELEASE/a14ad0df64da67dcc88d10508944feb6bb1c922c/spring-data-rest-webmvc-2.6.0.RELEASE.jar!/org/springframework/data/rest/webmvc/json/JsonSchema$AbstractJsonSchemaProperty.class], URL [jar:file:/C:/Users/Rob/.gradle/caches/modules-2/files-2.1/org.springframework.data/spring-data-rest-webmvc/2.6.0.RELEASE/a14ad0df64da67dcc88d10508944feb6bb1c922c/spring-data-rest-webmvc-2.6.0.RELEASE.jar!/org/springframework/data/rest/webmvc/json/JsonSchema$Item.class], URL [jar:file:/C:/Users/Rob/.gradle/caches/modules-2/files-2.1/org.springframework.data/spring-data-rest-webmvc/2.6.0.RELEASE/a14ad0df64da67dcc88d10508944feb6bb1c922c/spring-data-rest-webmvc-2.6.0.RELEASE.jar!/org/springframework/data/rest/webmvc/json/PersistentEntityJackson2Module$PersistentEntityResourceSerializer.class], URL [jar:file:/C:/Users/Rob/.gradle/caches/modules-2/files-2.1/org.springframework.data/spring-data-rest-webmvc/2.6.0.RELEASE/a14ad0df64da67dcc88d10508944feb6bb1c922c/spring-data-rest-webmvc-2.6.0.RELEASE.jar!/org/springframework/data/rest/webmvc/json/PersistentEntityJackson2Module$ProjectionResourceContentSerializer.class], URL [jar:file:/C:/Users/Rob/.gradle/caches/modules-2/files-2.1/org.springframework.data/spring-data-rest-webmvc/2.6.0.RELEASE/a14ad0df64da67dcc88d10508944feb6bb1c922c/spring-data-rest-webmvc-2.6.0.RELEASE.jar!/org/springframework/data/rest/webmvc/json/PersistentEntityJackson2Module$RepositoryInvokingDeserializer.class], URL [jar:file:/C:/Users/Rob/.gradle/caches/modules-2/files-2.1/org.springframework.data/spring-data-rest-webmvc/2.6.0.RELEASE/a14ad0df64da67dcc88d10508944feb6bb1c922c/spring-data-rest-webmvc-2.6.0.RELEASE.jar!/org/springframework/data/rest/webmvc/json/PersistentEntityJackson2Module$UriStringDeserializer.class], URL [jar:file:/C:/Users/Rob/.gradle/caches/modules-2/files-2.1/org.springframework.data/spring-data-rest-webmvc/2.6.0.RELEASE/a14ad0df64da67dcc88d10508944feb6bb1c922c/spring-data-rest-webmvc-2.6.0.RELEASE.jar!/org/springframework/data/rest/webmvc/json/PersistentEntityToJsonSchemaConverter$DefaultingMessageSourceResolvable.class], URL [jar:file:/C:/Users/Rob/.gradle/caches/modules-2/files-2.1/org.springframework.data/spring-data-rest-webmvc/2.6.0.RELEASE/a14ad0df64da67dcc88d10508944feb6bb1c922c/spring-data-rest-webmvc-2.6.0.RELEASE.jar!/org/springframework/data/rest/webmvc/json/PersistentEntityToJsonSchemaConverter$ResolvableProperty.class], URL [jar:file:/C:/Users/Rob/.gradle/caches/modules-2/files-2.1/org.springframework.data/spring-data-rest-webmvc/2.6.0.RELEASE/a14ad0df64da67dcc88d10508944feb6bb1c922c/spring-data-rest-webmvc-2.6.0.RELEASE.jar!/org/springframework/data/rest/webmvc/json/PersistentEntityToJsonSchemaConverter$ResolvableType.class], URL [jar:file:/C:/Users/Rob/.gradle/caches/modules-2/files-2.1/org.springframework.data/spring-data-rest-webmvc/2.6.0.RELEASE/a14ad0df64da67dcc88d10508944feb6bb1c922c/spring-data-rest-webmvc-2.6.0.RELEASE.jar!/org/springframework/data/rest/webmvc/json/PersistentEntityToJsonSchemaConverter$ValueTypeSchemaPropertyCustomizerFactory.class], URL [jar:file:/C:/Users/Rob/.gradle/caches/modules-2/files-2.1/org.springframework.data/spring-data-rest-webmvc/2.6.0.RELEASE/a14ad0df64da67dcc88d10508944feb6bb1c922c/spring-data-rest-webmvc-2.6.0.RELEASE.jar!/org/springframework/data/rest/webmvc/json/PersistentEntityToJsonSchemaConverter.class], URL [jar:file:/C:/Users/Rob/.gradle/caches/modules-2/files-2.1/org.springframework.data/spring-data-rest-webmvc/2.6.0.RELEASE/a14ad0df64da67dcc88d10508944feb6bb1c922c/spring-data-rest-webmvc-2.6.0.RELEASE.jar!/org/springframework/data/rest/webmvc/mapping/LinkCollector$NestedLinkCollectingAssociationHandler.class], URL [jar:file:/C:/Users/Rob/.gradle/caches/modules-2/files-2.1/org.springframework.data/spring-data-rest-webmvc/2.6.0.RELEASE/a14ad0df64da67dcc88d10508944feb6bb1c922c/spring-data-rest-webmvc-2.6.0.RELEASE.jar!/org/springframework/data/rest/webmvc/mapping/NestedLinkCollectingAssociationHandler.class], URL [jar:file:/C:/Users/Rob/.gradle/caches/modules-2/files-2.1/org.springframework.data/spring-data-rest-webmvc/2.6.0.RELEASE/a14ad0df64da67dcc88d10508944feb6bb1c922c/spring-data-rest-webmvc-2.6.0.RELEASE.jar!/org/springframework/data/rest/webmvc/PersistentEntityResource$NoLinksResources.class], URL [jar:file:/C:/Users/Rob/.gradle/caches/modules-2/files-2.1/org.springframework.data/spring-data-rest-webmvc/2.6.0.RELEASE/a14ad0df64da67dcc88d10508944feb6bb1c922c/spring-data-rest-webmvc-2.6.0.RELEASE.jar!/org/springframework/data/rest/webmvc/PersistentEntityResourceAssembler.class], URL [jar:file:/C:/Users/Rob/.gradle/caches/modules-2/files-2.1/org.springframework.data/spring-data-rest-webmvc/2.6.0.RELEASE/a14ad0df64da67dcc88d10508944feb6bb1c922c/spring-data-rest-webmvc-2.6.0.RELEASE.jar!/org/springframework/data/rest/webmvc/ProfileResourceProcessor.class], URL [jar:file:/C:/Users/Rob/.gradle/caches/modules-2/files-2.1/org.springframework.data/spring-data-rest-webmvc/2.6.0.RELEASE/a14ad0df64da67dcc88d10508944feb6bb1c922c/spring-data-rest-webmvc-2.6.0.RELEASE.jar!/org/springframework/data/rest/webmvc/RepositoryController.class], URL [jar:file:/C:/Users/Rob/.gradle/caches/modules-2/files-2.1/org.springframework.data/spring-data-rest-webmvc/2.6.0.RELEASE/a14ad0df64da67dcc88d10508944feb6bb1c922c/spring-data-rest-webmvc-2.6.0.RELEASE.jar!/org/springframework/data/rest/webmvc/RepositoryLinksResource.class], URL [jar:file:/C:/Users/Rob/.gradle/caches/modules-2/files-2.1/org.springframework.data/spring-data-rest-webmvc/2.6.0.RELEASE/a14ad0df64da67dcc88d10508944feb6bb1c922c/spring-data-rest-webmvc-2.6.0.RELEASE.jar!/org/springframework/data/rest/webmvc/RepositoryPropertyReferenceController$1.class], URL [jar:file:/C:/Users/Rob/.gradle/caches/modules-2/files-2.1/org.springframework.data/spring-data-rest-webmvc/2.6.0.RELEASE/a14ad0df64da67dcc88d10508944feb6bb1c922c/spring-data-rest-webmvc-2.6.0.RELEASE.jar!/org/springframework/data/rest/webmvc/RepositoryRestHandlerMapping$RepositoryCorsConfigurationAccessor.class], URL [jar:file:/C:/Users/Rob/.gradle/caches/modules-2/files-2.1/org.springframework.data/spring-data-rest-webmvc/2.6.0.RELEASE/a14ad0df64da67dcc88d10508944feb6bb1c922c/spring-data-rest-webmvc-2.6.0.RELEASE.jar!/org/springframework/data/rest/webmvc/RepositorySearchController.class], URL [jar:file:/C:/Users/Rob/.gradle/caches/modules-2/files-2.1/org.springframework.data/spring-data-rest-webmvc/2.6.0.RELEASE/a14ad0df64da67dcc88d10508944feb6bb1c922c/spring-data-rest-webmvc-2.6.0.RELEASE.jar!/org/springframework/data/rest/webmvc/ResourceProcessorInvoker.class], URL [jar:file:/C:/Users/Rob/.gradle/caches/modules-2/files-2.1/org.springframework.data/spring-data-rest-webmvc/2.6.0.RELEASE/a14ad0df64da67dcc88d10508944feb6bb1c922c/spring-data-rest-webmvc-2.6.0.RELEASE.jar!/org/springframework/data/rest/webmvc/ResourceStatus.class], URL [jar:file:/C:/Users/Rob/.gradle/caches/modules-2/files-2.1/org.springframework.data/spring-data-rest-webmvc/2.6.0.RELEASE/a14ad0df64da67dcc88d10508944feb6bb1c922c/spring-data-rest-webmvc-2.6.0.RELEASE.jar!/org/springframework/data/rest/webmvc/RestMediaTypes.class], URL [jar:file:/C:/Users/Rob/.gradle/caches/modules-2/files-2.1/org.springframework.data/spring-data-rest-webmvc/2.6.0.RELEASE/a14ad0df64da67dcc88d10508944feb6bb1c922c/spring-data-rest-webmvc-2.6.0.RELEASE.jar!/org/springframework/data/rest/webmvc/RootResourceInformation.class], URL [jar:file:/C:/Users/Rob/.gradle/caches/modules-2/files-2.1/org.springframework.data/spring-data-rest-webmvc/2.6.0.RELEASE/a14ad0df64da67dcc88d10508944feb6bb1c922c/spring-data-rest-webmvc-2.6.0.RELEASE.jar!/org/springframework/data/rest/webmvc/ServerHttpRequestMethodArgumentResolver.class], URL [jar:file:/C:/Users/Rob/.gradle/caches/modules-2/files-2.1/org.springframework.data/spring-data-rest-webmvc/2.6.0.RELEASE/a14ad0df64da67dcc88d10508944feb6bb1c922c/spring-data-rest-webmvc-2.6.0.RELEASE.jar!/org/springframework/data/rest/webmvc/spi/BackendIdConverter$DefaultIdConverter.class], URL [jar:file:/C:/Users/Rob/.gradle/caches/modules-2/files-2.1/org.springframework.data/spring-data-rest-webmvc/2.6.0.RELEASE/a14ad0df64da67dcc88d10508944feb6bb1c922c/spring-data-rest-webmvc-2.6.0.RELEASE.jar!/org/springframework/data/rest/webmvc/spi/BackendIdConverter.class], URL [jar:file:/C:/Users/Rob/.gradle/caches/modules-2/files-2.1/org.springframework.data/spring-data-rest-webmvc/2.6.0.RELEASE/a14ad0df64da67dcc88d10508944feb6bb1c922c/spring-data-rest-webmvc-2.6.0.RELEASE.jar!/org/springframework/data/rest/webmvc/support/BackendId.class], URL [jar:file:/C:/Users/Rob/.gradle/caches/modules-2/files-2.1/org.springframework.data/spring-data-rest-webmvc/2.6.0.RELEASE/a14ad0df64da67dcc88d10508944feb6bb1c922c/spring-data-rest-webmvc-2.6.0.RELEASE.jar!/org/springframework/data/rest/webmvc/alps/AlpsJsonHttpMessageConverter.class], URL [jar:file:/C:/Users/Rob/.gradle/caches/modules-2/files-2.1/org.springframework.data/spring-data-rest-webmvc/2.6.0.RELEASE/a14ad0df64da67dcc88d10508944feb6bb1c922c/spring-data-rest-webmvc-2.6.0.RELEASE.jar!/org/springframework/data/rest/webmvc/alps/RootResourceInformationToAlpsDescriptorConverter$3.class], URL [jar:file:/C:/Users/Rob/.gradle/caches/modules-2/files-2.1/org.springframework.data/spring-data-rest-webmvc/2.6.0.RELEASE/a14ad0df64da67dcc88d10508944feb6bb1c922c/spring-data-rest-webmvc-2.6.0.RELEASE.jar!/org/springframework/data/rest/webmvc/BasePathAwareController.class], URL [jar:file:/C:/Users/Rob/.gradle/caches/modules-2/files-2.1/org.springframework.data/spring-data-rest-webmvc/2.6.0.RELEASE/a14ad0df64da67dcc88d10508944feb6bb1c922c/spring-data-rest-webmvc-2.6.0.RELEASE.jar!/org/springframework/data/rest/webmvc/BasePathAwareHandlerMapping$CustomAcceptHeaderHttpServletRequest.class], URL [jar:file:/C:/Users/Rob/.gradle/caches/modules-2/files-2.1/org.springframework.data/spring-data-rest-webmvc/2.6.0.RELEASE/a14ad0df64da67dcc88d10508944feb6bb1c922c/spring-data-rest-webmvc-2.6.0.RELEASE.jar!/org/springframework/data/rest/webmvc/BasePathAwareHandlerMapping$UriAwareHttpServletRequest.class], URL [jar:file:/C:/Users/Rob/.gradle/caches/modules-2/files-2.1/org.springframework.data/spring-data-rest-webmvc/2.6.0.RELEASE/a14ad0df64da67dcc88d10508944feb6bb1c922c/spring-data-rest-webmvc-2.6.0.RELEASE.jar!/org/springframework/data/rest/webmvc/BasePathAwareHandlerMapping.class], URL [jar:file:/C:/Users/Rob/.gradle/caches/modules-2/files-2.1/org.springframework.data/spring-data-rest-webmvc/2.6.0.RELEASE/a14ad0df64da67dcc88d10508944feb6bb1c922c/spring-data-rest-webmvc-2.6.0.RELEASE.jar!/org/springframework/data/rest/webmvc/config/ArgumentResolverPagingAndSortingTemplateVariables.class], URL [jar:file:/C:/Users/Rob/.gradle/caches/modules-2/files-2.1/org.springframework.data/spring-data-rest-webmvc/2.6.0.RELEASE/a14ad0df64da67dcc88d10508944feb6bb1c922c/spring-data-rest-webmvc-2.6.0.RELEASE.jar!/org/springframework/data/rest/webmvc/config/PersistentEntityResourceAssemblerArgumentResolver.class], URL [jar:file:/C:/Users/Rob/.gradle/caches/modules-2/files-2.1/org.springframework.data/spring-data-rest-webmvc/2.6.0.RELEASE/a14ad0df64da67dcc88d10508944feb6bb1c922c/spring-data-rest-webmvc-2.6.0.RELEASE.jar!/org/springframework/data/rest/webmvc/config/ProjectionDefinitionRegistar.class], URL [jar:file:/C:/Users/Rob/.gradle/caches/modules-2/files-2.1/org.springframework.data/spring-data-rest-webmvc/2.6.0.RELEASE/a14ad0df64da67dcc88d10508944feb6bb1c922c/spring-data-rest-webmvc-2.6.0.RELEASE.jar!/org/springframework/data/rest/webmvc/config/QuerydslAwareRootResourceInformationHandlerMethodArgumentResolver.class], URL [jar:file:/C:/Users/Rob/.gradle/caches/modules-2/files-2.1/org.springframework.data/spring-data-rest-webmvc/2.6.0.RELEASE/a14ad0df64da67dcc88d10508944feb6bb1c922c/spring-data-rest-webmvc-2.6.0.RELEASE.jar!/org/springframework/data/rest/webmvc/config/RepositoryRestConfigurerDelegate.class], URL [jar:file:/C:/Users/Rob/.gradle/caches/modules-2/files-2.1/org.springframework.data/spring-data-rest-webmvc/2.6.0.RELEASE/a14ad0df64da67dcc88d10508944feb6bb1c922c/spring-data-rest-webmvc-2.6.0.RELEASE.jar!/org/springframework/data/rest/webmvc/config/RepositoryRestMvcConfiguration.class], URL [jar:file:/C:/Users/Rob/.gradle/caches/modules-2/files-2.1/org.springframework.data/spring-data-rest-webmvc/2.6.0.RELEASE/a14ad0df64da67dcc88d10508944feb6bb1c922c/spring-data-rest-webmvc-2.6.0.RELEASE.jar!/org/springframework/data/rest/webmvc/json/DomainObjectReader$MergingPropertyHandler.class], URL [jar:file:/C:/Users/Rob/.gradle/caches/modules-2/files-2.1/org.springframework.data/spring-data-rest-webmvc/2.6.0.RELEASE/a14ad0df64da67dcc88d10508944feb6bb1c922c/spring-data-rest-webmvc-2.6.0.RELEASE.jar!/org/springframework/data/rest/webmvc/json/EnumTranslator.class], URL [jar:file:/C:/Users/Rob/.gradle/caches/modules-2/files-2.1/org.springframework.data/spring-data-rest-webmvc/2.6.0.RELEASE/a14ad0df64da67dcc88d10508944feb6bb1c922c/spring-data-rest-webmvc-2.6.0.RELEASE.jar!/org/springframework/data/rest/webmvc/json/Jackson2DatatypeHelper$Hibernate5ModuleRegistrar.class], URL [jar:file:/C:/Users/Rob/.gradle/caches/modules-2/files-2.1/org.springframework.data/spring-data-rest-webmvc/2.6.0.RELEASE/a14ad0df64da67dcc88d10508944feb6bb1c922c/spring-data-rest-webmvc-2.6.0.RELEASE.jar!/org/springframework/data/rest/webmvc/json/Jackson2DatatypeHelper$HibernateVersions.class], URL [jar:file:/C:/Users/Rob/.gradle/caches/modules-2/files-2.1/org.springframework.data/spring-data-rest-webmvc/2.6.0.RELEASE/a14ad0df64da67dcc88d10508944feb6bb1c922c/spring-data-rest-webmvc-2.6.0.RELEASE.jar!/org/springframework/data/rest/webmvc/json/Jackson2DatatypeHelper.class], URL [jar:file:/C:/Users/Rob/.gradle/caches/modules-2/files-2.1/org.springframework.data/spring-data-rest-webmvc/2.6.0.RELEASE/a14ad0df64da67dcc88d10508944feb6bb1c922c/spring-data-rest-webmvc-2.6.0.RELEASE.jar!/org/springframework/data/rest/webmvc/json/JacksonMappingAwareSortTranslator$TypedSegment.class], URL [jar:file:/C:/Users/Rob/.gradle/caches/modules-2/files-2.1/org.springframework.data/spring-data-rest-webmvc/2.6.0.RELEASE/a14ad0df64da67dcc88d10508944feb6bb1c922c/spring-data-rest-webmvc-2.6.0.RELEASE.jar!/org/springframework/data/rest/webmvc/json/JacksonSerializers$EnumTranslatingDeserializer.class], URL [jar:file:/C:/Users/Rob/.gradle/caches/modules-2/files-2.1/org.springframework.data/spring-data-rest-webmvc/2.6.0.RELEASE/a14ad0df64da67dcc88d10508944feb6bb1c922c/spring-data-rest-webmvc-2.6.0.RELEASE.jar!/org/springframework/data/rest/webmvc/json/JacksonSerializers.class], URL [jar:file:/C:/Users/Rob/.gradle/caches/modules-2/files-2.1/org.springframework.data/spring-data-rest-webmvc/2.6.0.RELEASE/a14ad0df64da67dcc88d10508944feb6bb1c922c/spring-data-rest-webmvc-2.6.0.RELEASE.jar!/org/springframework/data/rest/webmvc/json/JsonSchema$EnumProperty.class], URL [jar:file:/C:/Users/Rob/.gradle/caches/modules-2/files-2.1/org.springframework.data/spring-data-rest-webmvc/2.6.0.RELEASE/a14ad0df64da67dcc88d10508944feb6bb1c922c/spring-data-rest-webmvc-2.6.0.RELEASE.jar!/org/springframework/data/rest/webmvc/json/JsonSchema$PropertiesContainer.class], URL [jar:file:/C:/Users/Rob/.gradle/caches/modules-2/files-2.1/org.springframework.data/spring-data-rest-webmvc/2.6.0.RELEASE/a14ad0df64da67dcc88d10508944feb6bb1c922c/spring-data-rest-webmvc-2.6.0.RELEASE.jar!/org/springframework/data/rest/webmvc/json/JsonSchemaPropertyCustomizer.class], URL [jar:file:/C:/Users/Rob/.gradle/caches/modules-2/files-2.1/org.springframework.data/spring-data-rest-webmvc/2.6.0.RELEASE/a14ad0df64da67dcc88d10508944feb6bb1c922c/spring-data-rest-webmvc-2.6.0.RELEASE.jar!/org/springframework/data/rest/webmvc/RepositoryPropertyReferenceController$2.class], URL [jar:file:/C:/Users/Rob/.gradle/caches/modules-2/files-2.1/org.springframework.data/spring-data-rest-webmvc/2.6.0.RELEASE/a14ad0df64da67dcc88d10508944feb6bb1c922c/spring-data-rest-webmvc-2.6.0.RELEASE.jar!/org/springframework/data/rest/webmvc/RepositoryPropertyReferenceController$3.class], URL [jar:file:/C:/Users/Rob/.gradle/caches/modules-2/files-2.1/org.springframework.data/spring-data-rest-webmvc/2.6.0.RELEASE/a14ad0df64da67dcc88d10508944feb6bb1c922c/spring-data-rest-webmvc-2.6.0.RELEASE.jar!/org/springframework/data/rest/webmvc/RepositoryPropertyReferenceController$4.class], URL [jar:file:/C:/Users/Rob/.gradle/caches/modules-2/files-2.1/org.springframework.data/spring-data-rest-webmvc/2.6.0.RELEASE/a14ad0df64da67dcc88d10508944feb6bb1c922c/spring-data-rest-webmvc-2.6.0.RELEASE.jar!/org/springframework/data/rest/webmvc/RepositoryPropertyReferenceController$ReferencedProperty.class], URL [jar:file:/C:/Users/Rob/.gradle/caches/modules-2/files-2.1/org.springframework.data/spring-data-rest-webmvc/2.6.0.RELEASE/a14ad0df64da67dcc88d10508944feb6bb1c922c/spring-data-rest-webmvc-2.6.0.RELEASE.jar!/org/springframework/data/rest/webmvc/RepositoryRestController.class], URL [jar:file:/C:/Users/Rob/.gradle/caches/modules-2/files-2.1/org.springframework.data/spring-data-rest-webmvc/2.6.0.RELEASE/a14ad0df64da67dcc88d10508944feb6bb1c922c/spring-data-rest-webmvc-2.6.0.RELEASE.jar!/org/springframework/data/rest/webmvc/RepositoryRestDispatcherServlet.class], URL [jar:file:/C:/Users/Rob/.gradle/caches/modules-2/files-2.1/org.springframework.data/spring-data-rest-webmvc/2.6.0.RELEASE/a14ad0df64da67dcc88d10508944feb6bb1c922c/spring-data-rest-webmvc-2.6.0.RELEASE.jar!/org/springframework/data/rest/webmvc/RepositoryRestExceptionHandler.class], URL [jar:file:/C:/Users/Rob/.gradle/caches/modules-2/files-2.1/org.springframework.data/spring-data-rest-webmvc/2.6.0.RELEASE/a14ad0df64da67dcc88d10508944feb6bb1c922c/spring-data-rest-webmvc-2.6.0.RELEASE.jar!/org/springframework/data/rest/webmvc/RepositoryRestHandlerAdapter.class], URL [jar:file:/C:/Users/Rob/.gradle/caches/modules-2/files-2.1/org.springframework.data/spring-data-rest-webmvc/2.6.0.RELEASE/a14ad0df64da67dcc88d10508944feb6bb1c922c/spring-data-rest-webmvc-2.6.0.RELEASE.jar!/org/springframework/data/rest/webmvc/RepositoryRestHandlerMapping.class], URL [jar:file:/C:/Users/Rob/.gradle/caches/modules-2/files-2.1/org.springframework.data/spring-data-rest-webmvc/2.6.0.RELEASE/a14ad0df64da67dcc88d10508944feb6bb1c922c/spring-data-rest-webmvc-2.6.0.RELEASE.jar!/org/springframework/data/rest/webmvc/ResourceNotFoundException.class], URL [jar:file:/C:/Users/Rob/.gradle/caches/modules-2/files-2.1/org.springframework.data/spring-data-rest-webmvc/2.6.0.RELEASE/a14ad0df64da67dcc88d10508944feb6bb1c922c/spring-data-rest-webmvc-2.6.0.RELEASE.jar!/org/springframework/data/rest/webmvc/ResourceProcessorInvoker$CustomOrderAwareComparator.class], URL [jar:file:/C:/Users/Rob/.gradle/caches/modules-2/files-2.1/org.springframework.data/spring-data-rest-webmvc/2.6.0.RELEASE/a14ad0df64da67dcc88d10508944feb6bb1c922c/spring-data-rest-webmvc-2.6.0.RELEASE.jar!/org/springframework/data/rest/webmvc/ResourceProcessorInvoker$DefaultProcessorWrapper.class], URL [jar:file:/C:/Users/Rob/.gradle/caches/modules-2/files-2.1/org.springframework.data/spring-data-rest-webmvc/2.6.0.RELEASE/a14ad0df64da67dcc88d10508944feb6bb1c922c/spring-data-rest-webmvc-2.6.0.RELEASE.jar!/org/springframework/data/rest/webmvc/ResourceProcessorInvoker$ResourceProcessorWrapper.class], URL [jar:file:/C:/Users/Rob/.gradle/caches/modules-2/files-2.1/org.springframework.data/spring-data-rest-webmvc/2.6.0.RELEASE/a14ad0df64da67dcc88d10508944feb6bb1c922c/spring-data-rest-webmvc-2.6.0.RELEASE.jar!/org/springframework/data/rest/webmvc/ResourceProcessorInvoker$ResourcesProcessorWrapper.class], URL [jar:file:/C:/Users/Rob/.gradle/caches/modules-2/files-2.1/org.springframework.data/spring-data-rest-webmvc/2.6.0.RELEASE/a14ad0df64da67dcc88d10508944feb6bb1c922c/spring-data-rest-webmvc-2.6.0.RELEASE.jar!/org/springframework/data/rest/webmvc/ResourceProcessorInvokingHandlerAdapter.class], URL [jar:file:/C:/Users/Rob/.gradle/caches/modules-2/files-2.1/org.springframework.data/spring-data-rest-webmvc/2.6.0.RELEASE/a14ad0df64da67dcc88d10508944feb6bb1c922c/spring-data-rest-webmvc-2.6.0.RELEASE.jar!/org/springframework/data/rest/webmvc/ResourceStatus$StatusAndHeaders.class], URL [jar:file:/C:/Users/Rob/.gradle/caches/modules-2/files-2.1/org.springframework.data/spring-data-rest-webmvc/2.6.0.RELEASE/a14ad0df64da67dcc88d10508944feb6bb1c922c/spring-data-rest-webmvc-2.6.0.RELEASE.jar!/org/springframework/data/rest/webmvc/support/BackendIdHandlerMethodArgumentResolver.class], URL [jar:file:/C:/Users/Rob/.gradle/caches/modules-2/files-2.1/org.springframework.data/spring-data-rest-webmvc/2.6.0.RELEASE/a14ad0df64da67dcc88d10508944feb6bb1c922c/spring-data-rest-webmvc-2.6.0.RELEASE.jar!/org/springframework/data/rest/webmvc/support/BaseUriLinkBuilder.class], URL [jar:file:/C:/Users/Rob/.gradle/caches/modules-2/files-2.1/org.springframework.data/spring-data-rest-webmvc/2.6.0.RELEASE/a14ad0df64da67dcc88d10508944feb6bb1c922c/spring-data-rest-webmvc-2.6.0.RELEASE.jar!/org/springframework/data/rest/webmvc/support/ConstraintViolationExceptionMessage.class], URL [jar:file:/C:/Users/Rob/.gradle/caches/modules-2/files-2.1/org.springframework.data/spring-data-rest-webmvc/2.6.0.RELEASE/a14ad0df64da67dcc88d10508944feb6bb1c922c/spring-data-rest-webmvc-2.6.0.RELEASE.jar!/org/springframework/data/rest/webmvc/support/ConstraintViolationMessage.class], URL [jar:file:/C:/Users/Rob/.gradle/caches/modules-2/files-2.1/org.springframework.data/spring-data-rest-webmvc/2.6.0.RELEASE/a14ad0df64da67dcc88d10508944feb6bb1c922c/spring-data-rest-webmvc-2.6.0.RELEASE.jar!/org/springframework/data/rest/webmvc/support/DefaultedPageable.class], URL [jar:file:/C:/Users/Rob/.gradle/caches/modules-2/files-2.1/org.springframework.data/spring-data-rest-webmvc/2.6.0.RELEASE/a14ad0df64da67dcc88d10508944feb6bb1c922c/spring-data-rest-webmvc-2.6.0.RELEASE.jar!/org/springframework/data/rest/webmvc/support/DefaultedPageableHandlerMethodArgumentResolver.class], URL [jar:file:/C:/Users/Rob/.gradle/caches/modules-2/files-2.1/org.springframework.data/spring-data-rest-webmvc/2.6.0.RELEASE/a14ad0df64da67dcc88d10508944feb6bb1c922c/spring-data-rest-webmvc-2.6.0.RELEASE.jar!/org/springframework/data/rest/webmvc/support/DefaultExcerptProjector.class], URL [jar:file:/C:/Users/Rob/.gradle/caches/modules-2/files-2.1/org.springframework.data/spring-data-rest-webmvc/2.6.0.RELEASE/a14ad0df64da67dcc88d10508944feb6bb1c922c/spring-data-rest-webmvc-2.6.0.RELEASE.jar!/org/springframework/data/rest/webmvc/support/DelegatingHandlerMapping.class], URL [jar:file:/C:/Users/Rob/.gradle/caches/modules-2/files-2.1/org.springframework.data/spring-data-rest-webmvc/2.6.0.RELEASE/a14ad0df64da67dcc88d10508944feb6bb1c922c/spring-data-rest-webmvc-2.6.0.RELEASE.jar!/org/springframework/data/rest/webmvc/support/DomainClassResolver.class], URL [jar:file:/C:/Users/Rob/.gradle/caches/modules-2/files-2.1/org.springframework.data/spring-data-rest-webmvc/2.6.0.RELEASE/a14ad0df64da67dcc88d10508944feb6bb1c922c/spring-data-rest-webmvc-2.6.0.RELEASE.jar!/org/springframework/data/rest/webmvc/support/ETag.class], URL [jar:file:/C:/Users/Rob/.gradle/caches/modules-2/files-2.1/org.springframework.data/spring-data-rest-webmvc/2.6.0.RELEASE/a14ad0df64da67dcc88d10508944feb6bb1c922c/spring-data-rest-webmvc-2.6.0.RELEASE.jar!/org/springframework/data/rest/webmvc/support/ETagArgumentResolver.class], URL [jar:file:/C:/Users/Rob/.gradle/caches/modules-2/files-2.1/org.springframework.data/spring-data-rest-webmvc/2.6.0.RELEASE/a14ad0df64da67dcc88d10508944feb6bb1c922c/spring-data-rest-webmvc-2.6.0.RELEASE.jar!/org/springframework/data/rest/webmvc/support/ETagDoesntMatchException.class], URL [jar:file:/C:/Users/Rob/.gradle/caches/modules-2/files-2.1/org.springframework.data/spring-data-rest-webmvc/2.6.0.RELEASE/a14ad0df64da67dcc88d10508944feb6bb1c922c/spring-data-rest-webmvc-2.6.0.RELEASE.jar!/org/springframework/data/rest/webmvc/support/ExceptionMessage.class], URL [jar:file:/C:/Users/Rob/.gradle/caches/modules-2/files-2.1/org.springframework.data/spring-data-rest-webmvc/2.6.0.RELEASE/a14ad0df64da67dcc88d10508944feb6bb1c922c/spring-data-rest-webmvc-2.6.0.RELEASE.jar!/org/springframework/data/rest/webmvc/support/ExcerptProjector.class], URL [jar:file:/C:/Users/Rob/.gradle/caches/modules-2/files-2.1/org.springframework.data/spring-data-rest-webmvc/2.6.0.RELEASE/a14ad0df64da67dcc88d10508944feb6bb1c922c/spring-data-rest-webmvc-2.6.0.RELEASE.jar!/org/springframework/data/rest/webmvc/support/HttpMethodHandlerMethodArgumentResolver.class], URL [jar:file:/C:/Users/Rob/.gradle/caches/modules-2/files-2.1/org.springframework.data/spring-data-rest-webmvc/2.6.0.RELEASE/a14ad0df64da67dcc88d10508944feb6bb1c922c/spring-data-rest-webmvc-2.6.0.RELEASE.jar!/org/springframework/data/rest/webmvc/support/JpaHelper.class], URL [jar:file:/C:/Users/Rob/.gradle/caches/modules-2/files-2.1/org.springframework.data/spring-data-rest-webmvc/2.6.0.RELEASE/a14ad0df64da67dcc88d10508944feb6bb1c922c/spring-data-rest-webmvc-2.6.0.RELEASE.jar!/org/springframework/data/rest/webmvc/support/PagingAndSortingTemplateVariables.class], URL [jar:file:/C:/Users/Rob/.gradle/caches/modules-2/files-2.1/org.springframework.data/spring-data-rest-webmvc/2.6.0.RELEASE/a14ad0df64da67dcc88d10508944feb6bb1c922c/spring-data-rest-webmvc-2.6.0.RELEASE.jar!/org/springframework/data/rest/webmvc/support/PersistentEntityProjector$1.class], URL [jar:file:/C:/Users/Rob/.gradle/caches/modules-2/files-2.1/org.springframework.data/spring-data-rest-webmvc/2.6.0.RELEASE/a14ad0df64da67dcc88d10508944feb6bb1c922c/spring-data-rest-webmvc-2.6.0.RELEASE.jar!/org/springframework/data/rest/webmvc/support/PersistentEntityProjector$2.class], URL [jar:file:/C:/Users/Rob/.gradle/caches/modules-2/files-2.1/org.springframework.data/spring-data-rest-webmvc/2.6.0.RELEASE/a14ad0df64da67dcc88d10508944feb6bb1c922c/spring-data-rest-webmvc-2.6.0.RELEASE.jar!/org/springframework/data/rest/webmvc/support/PersistentEntityProjector.class], URL [jar:file:/C:/Users/Rob/.gradle/caches/modules-2/files-2.1/org.springframework.data/spring-data-rest-webmvc/2.6.0.RELEASE/a14ad0df64da67dcc88d10508944feb6bb1c922c/spring-data-rest-webmvc-2.6.0.RELEASE.jar!/org/springframework/data/rest/webmvc/support/PersistentEntityResourceProcessor$1.class], URL [jar:file:/C:/Users/Rob/.gradle/caches/modules-2/files-2.1/org.springframework.data/spring-data-rest-webmvc/2.6.0.RELEASE/a14ad0df64da67dcc88d10508944feb6bb1c922c/spring-data-rest-webmvc-2.6.0.RELEASE.jar!/org/springframework/data/rest/webmvc/support/Projector.class], URL [jar:file:/C:/Users/Rob/.gradle/caches/modules-2/files-2.1/org.springframework.data/spring-data-rest-webmvc/2.6.0.RELEASE/a14ad0df64da67dcc88d10508944feb6bb1c922c/spring-data-rest-webmvc-2.6.0.RELEASE.jar!/org/springframework/data/rest/webmvc/support/RepositoryConstraintViolationExceptionMessage.class], URL [jar:file:/C:/Users/Rob/.gradle/caches/modules-2/files-2.1/org.springframework.data/spring-data-rest-webmvc/2.6.0.RELEASE/a14ad0df64da67dcc88d10508944feb6bb1c922c/spring-data-rest-webmvc-2.6.0.RELEASE.jar!/org/springframework/data/rest/webmvc/support/RepositoryLinkBuilder.class], URL [jar:file:/C:/Users/Rob/.gradle/caches/modules-2/files-2.1/org.springframework.data/spring-data-rest-webmvc/2.6.0.RELEASE/a14ad0df64da67dcc88d10508944feb6bb1c922c/spring-data-rest-webmvc-2.6.0.RELEASE.jar!/org/springframework/data/rest/webmvc/util/UriUtils.class], URL [jar:file:/C:/Users/Rob/.gradle/caches/modules-2/files-2.1/org.springframework.data/spring-data-rest-webmvc/2.6.0.RELEASE/a14ad0df64da67dcc88d10508944feb6bb1c922c/spring-data-rest-webmvc-2.6.0.RELEASE.jar!/org/springframework/data/rest/webmvc/alps/RootResourceInformationToAlpsDescriptorConverter$1.class], URL [jar:file:/C:/Users/Rob/.gradle/caches/modules-2/files-2.1/org.springframework.data/spring-data-rest-webmvc/2.6.0.RELEASE/a14ad0df64da67dcc88d10508944feb6bb1c922c/spring-data-rest-webmvc-2.6.0.RELEASE.jar!/org/springframework/data/rest/webmvc/json/JsonSchema.class], URL [jar:file:/C:/Users/Rob/.gradle/caches/modules-2/files-2.1/org.springframework.data/spring-data-rest-webmvc/2.6.0.RELEASE/a14ad0df64da67dcc88d10508944feb6bb1c922c/spring-data-rest-webmvc-2.6.0.RELEASE.jar!/org/springframework/data/rest/webmvc/json/MappingAwareDefaultedPageableArgumentResolver.class], URL [jar:file:/C:/Users/Rob/.gradle/caches/modules-2/files-2.1/org.springframework.data/spring-data-rest-webmvc/2.6.0.RELEASE/a14ad0df64da67dcc88d10508944feb6bb1c922c/spring-data-rest-webmvc-2.6.0.RELEASE.jar!/org/springframework/data/rest/webmvc/json/MappingAwareSortArgumentResolver.class], URL [jar:file:/C:/Users/Rob/.gradle/caches/modules-2/files-2.1/org.springframework.data/spring-data-rest-webmvc/2.6.0.RELEASE/a14ad0df64da67dcc88d10508944feb6bb1c922c/spring-data-rest-webmvc-2.6.0.RELEASE.jar!/org/springframework/data/rest/webmvc/json/patch/CopyOperation.class], URL [jar:file:/C:/Users/Rob/.gradle/caches/modules-2/files-2.1/org.springframework.data/spring-data-rest-webmvc/2.6.0.RELEASE/a14ad0df64da67dcc88d10508944feb6bb1c922c/spring-data-rest-webmvc-2.6.0.RELEASE.jar!/org/springframework/data/rest/webmvc/json/patch/JsonLateObjectEvaluator.class], URL [jar:file:/C:/Users/Rob/.gradle/caches/modules-2/files-2.1/org.springframework.data/spring-data-rest-webmvc/2.6.0.RELEASE/a14ad0df64da67dcc88d10508944feb6bb1c922c/spring-data-rest-webmvc-2.6.0.RELEASE.jar!/org/springframework/data/rest/webmvc/json/patch/LateObjectEvaluator.class], URL [jar:file:/C:/Users/Rob/.gradle/caches/modules-2/files-2.1/org.springframework.data/spring-data-rest-webmvc/2.6.0.RELEASE/a14ad0df64da67dcc88d10508944feb6bb1c922c/spring-data-rest-webmvc-2.6.0.RELEASE.jar!/org/springframework/data/rest/webmvc/json/patch/MoveOperation.class], URL [jar:file:/C:/Users/Rob/.gradle/caches/modules-2/files-2.1/org.springframework.data/spring-data-rest-webmvc/2.6.0.RELEASE/a14ad0df64da67dcc88d10508944feb6bb1c922c/spring-data-rest-webmvc-2.6.0.RELEASE.jar!/org/springframework/data/rest/webmvc/json/patch/Patch.class], URL [jar:file:/C:/Users/Rob/.gradle/caches/modules-2/files-2.1/org.springframework.data/spring-data-rest-webmvc/2.6.0.RELEASE/a14ad0df64da67dcc88d10508944feb6bb1c922c/spring-data-rest-webmvc-2.6.0.RELEASE.jar!/org/springframework/data/rest/webmvc/json/patch/PatchOperation.class], URL [jar:file:/C:/Users/Rob/.gradle/caches/modules-2/files-2.1/org.springframework.data/spring-data-rest-webmvc/2.6.0.RELEASE/a14ad0df64da67dcc88d10508944feb6bb1c922c/spring-data-rest-webmvc-2.6.0.RELEASE.jar!/org/springframework/data/rest/webmvc/json/patch/RemoveOperation.class], URL [jar:file:/C:/Users/Rob/.gradle/caches/modules-2/files-2.1/org.springframework.data/spring-data-rest-webmvc/2.6.0.RELEASE/a14ad0df64da67dcc88d10508944feb6bb1c922c/spring-data-rest-webmvc-2.6.0.RELEASE.jar!/org/springframework/data/rest/webmvc/json/patch/TestOperation.class], URL [jar:file:/C:/Users/Rob/.gradle/caches/modules-2/files-2.1/org.springframework.data/spring-data-rest-webmvc/2.6.0.RELEASE/a14ad0df64da67dcc88d10508944feb6bb1c922c/spring-data-rest-webmvc-2.6.0.RELEASE.jar!/org/springframework/data/rest/webmvc/json/PersistentEntityJackson2Module$AssociationUriResolvingDeserializerModifier.class], URL [jar:file:/C:/Users/Rob/.gradle/caches/modules-2/files-2.1/org.springframework.data/spring-data-rest-webmvc/2.6.0.RELEASE/a14ad0df64da67dcc88d10508944feb6bb1c922c/spring-data-rest-webmvc-2.6.0.RELEASE.jar!/org/springframework/data/rest/webmvc/json/PersistentEntityJackson2Module$LookupObjectSerializer.class], URL [jar:file:/C:/Users/Rob/.gradle/caches/modules-2/files-2.1/org.springframework.data/spring-data-rest-webmvc/2.6.0.RELEASE/a14ad0df64da67dcc88d10508944feb6bb1c922c/spring-data-rest-webmvc-2.6.0.RELEASE.jar!/org/springframework/data/rest/webmvc/json/PersistentEntityJackson2Module$PersistentE
[...]
21:52:43.449 [Test worker] DEBUG org.springframework.test.context.cache - Spring test ApplicationContext cache statistics: [DefaultContextCache@67fb359a size = 1, maxSize = 32, parentContextCount = 0, hitCount = 32, missCount = 1]
21:52:43.450 [Test worker] DEBUG org.springframework.beans.factory.support.DefaultListableBeanFactory - Returning cached instance of singleton bean 'org.springframework.boot.test.mock.mockito.MockitoBeans'
21:52:43.450 [Test worker] DEBUG org.springframework.core.env.StandardEnvironment - Adding [systemProperties] PropertySource with lowest search precedence
21:52:43.450 [Test worker] DEBUG org.springframework.core.env.StandardEnvironment - Adding [systemEnvironment] PropertySource with lowest search precedence
21:52:43.450 [Test worker] DEBUG org.springframework.core.env.StandardEnvironment - Initialized StandardEnvironment with PropertySources [systemProperties,systemEnvironment]
21:52:43.450 [Test worker] DEBUG org.springframework.test.web.servlet.setup.StandaloneMockMvcBuilder$StaticRequestMappingHandlerMapping - Looking for request mappings in application context: org.springframework.test.web.servlet.setup.StubWebApplicationContext@175b999c
21:52:43.450 [Test worker] DEBUG org.springframework.test.web.servlet.setup.StandaloneMockMvcBuilder$StaticRequestMappingHandlerMapping - 2 request handler methods found on class myRetail.RetailController: {public myRetail.MyProduct myRetail.RetailController.product(java.lang.String) throws java.lang.Exception={[/products/{id}],methods=[GET]}, public myRetail.MyProduct myRetail.RetailController.updateProduct(java.lang.String,myRetail.MyProduct) throws java.lang.Exception={[/products/{id}],methods=[PUT],consumes=[application/json]}}
21:52:43.450 [Test worker] INFO org.springframework.test.web.servlet.setup.StandaloneMockMvcBuilder$StaticRequestMappingHandlerMapping - Mapped "{[/products/{id}],methods=[GET]}" onto public myRetail.MyProduct myRetail.RetailController.product(java.lang.String) throws java.lang.Exception
21:52:43.451 [Test worker] INFO org.springframework.test.web.servlet.setup.StandaloneMockMvcBuilder$StaticRequestMappingHandlerMapping - Mapped "{[/products/{id}],methods=[PUT],consumes=[application/json]}" onto public myRetail.MyProduct myRetail.RetailController.updateProduct(java.lang.String,myRetail.MyProduct) throws java.lang.Exception
21:52:43.456 [Test worker] DEBUG org.hibernate.validator.internal.engine.resolver.DefaultTraversableResolver - Cannot find javax.persistence.Persistence on classpath. Assuming non JPA 2 environment. All properties will per default be traversable.
21:52:43.456 [Test worker] DEBUG org.hibernate.validator.internal.engine.ConfigurationImpl - Setting custom MessageInterpolator of type org.springframework.validation.beanvalidation.LocaleContextMessageInterpolator
21:52:43.456 [Test worker] DEBUG org.hibernate.validator.internal.engine.ConfigurationImpl - Setting custom ParameterNameProvider of type com.sun.proxy.$Proxy63
21:52:43.456 [Test worker] DEBUG org.hibernate.validator.internal.xml.ValidationXmlParser - Trying to load META-INF/validation.xml for XML based Validator configuration.
21:52:43.456 [Test worker] DEBUG org.hibernate.validator.internal.xml.ResourceLoaderHelper - Trying to load META-INF/validation.xml via TCCL
21:52:43.456 [Test worker] DEBUG org.hibernate.validator.internal.xml.ResourceLoaderHelper - Trying to load META-INF/validation.xml via Hibernate Validator's class loader
21:52:43.456 [Test worker] DEBUG org.hibernate.validator.internal.xml.ValidationXmlParser - No META-INF/validation.xml found. Using annotation based configuration only.
21:52:43.457 [Test worker] INFO org.springframework.web.servlet.mvc.method.annotation.RequestMappingHandlerAdapter - Looking for @ControllerAdvice: org.springframework.test.web.servlet.setup.StubWebApplicationContext@175b999c
21:52:43.459 [Test worker] DEBUG org.springframework.web.servlet.mvc.method.annotation.ExceptionHandlerExceptionResolver - Looking for exception mappings: org.springframework.test.web.servlet.setup.StubWebApplicationContext@175b999c
21:52:43.460 [Test worker] INFO org.springframework.web.servlet.mvc.method.annotation.ExceptionHandlerExceptionResolver - Detected @ExceptionHandler methods in myRetail.RetailControllerExceptionHandler#4990a6c9
21:52:43.460 [Test worker] DEBUG org.springframework.test.web.servlet.TestDispatcherServlet - Initializing servlet ''
21:52:43.460 [Test worker] DEBUG org.springframework.web.context.support.StandardServletEnvironment - Adding [servletConfigInitParams] PropertySource with lowest search precedence
21:52:43.460 [Test worker] DEBUG org.springframework.web.context.support.StandardServletEnvironment - Adding [servletContextInitParams] PropertySource with lowest search precedence
21:52:43.460 [Test worker] DEBUG org.springframework.web.context.support.StandardServletEnvironment - Adding [systemProperties] PropertySource with lowest search precedence
21:52:43.460 [Test worker] DEBUG org.springframework.web.context.support.StandardServletEnvironment - Adding [systemEnvironment] PropertySource with lowest search precedence
21:52:43.460 [Test worker] DEBUG org.springframework.web.context.support.StandardServletEnvironment - Initialized StandardServletEnvironment with PropertySources [servletConfigInitParams,servletContextInitParams,systemProperties,systemEnvironment]
21:52:43.460 [Test worker] INFO org.springframework.mock.web.MockServletContext - Initializing Spring FrameworkServlet ''
21:52:43.460 [Test worker] INFO org.springframework.test.web.servlet.TestDispatcherServlet - FrameworkServlet '': initialization started
21:52:43.460 [Test worker] DEBUG org.springframework.test.web.servlet.TestDispatcherServlet - Unable to locate MultipartResolver with name 'multipartResolver': no multipart request handling provided
21:52:43.460 [Test worker] DEBUG org.springframework.test.web.servlet.TestDispatcherServlet - Using LocaleResolver [org.springframework.web.servlet.i18n.AcceptHeaderLocaleResolver@50019d29]
21:52:43.460 [Test worker] DEBUG org.springframework.test.web.servlet.TestDispatcherServlet - Using ThemeResolver [org.springframework.web.servlet.theme.FixedThemeResolver@74e3b86e]
21:52:43.460 [Test worker] DEBUG org.springframework.test.web.servlet.TestDispatcherServlet - Using RequestToViewNameTranslator [org.springframework.web.servlet.view.DefaultRequestToViewNameTranslator@2a99c491]
21:52:43.460 [Test worker] DEBUG org.springframework.test.web.servlet.TestDispatcherServlet - Using FlashMapManager [org.springframework.web.servlet.support.SessionFlashMapManager@98092d]
21:52:43.460 [Test worker] DEBUG org.springframework.test.web.servlet.TestDispatcherServlet - Published WebApplicationContext of servlet '' as ServletContext attribute with name [org.springframework.web.servlet.FrameworkServlet.CONTEXT.]
21:52:43.460 [Test worker] INFO org.springframework.test.web.servlet.TestDispatcherServlet - FrameworkServlet '': initialization completed in 0 ms
21:52:43.460 [Test worker] DEBUG org.springframework.test.web.servlet.TestDispatcherServlet - Servlet '' configured successfully
21:52:43.460 [Test worker] DEBUG org.springframework.test.web.servlet.TestDispatcherServlet - DispatcherServlet with name '' processing GET request for [/products/1]
21:52:43.460 [Test worker] DEBUG org.springframework.test.web.servlet.setup.StandaloneMockMvcBuilder$StaticRequestMappingHandlerMapping - Looking up handler method for path /products/1
21:52:43.460 [Test worker] DEBUG org.springframework.test.web.servlet.setup.StandaloneMockMvcBuilder$StaticRequestMappingHandlerMapping - Returning handler method [public myRetail.MyProduct myRetail.RetailController.product(java.lang.String) throws java.lang.Exception]
21:52:43.460 [Test worker] DEBUG org.springframework.test.web.servlet.TestDispatcherServlet - Last-Modified value for [/products/1] is: -1
21:52:43.463 [Test worker] DEBUG org.springframework.web.client.RestTemplate - Created GET request for "http://redsky.target.com/v1/pdp/tcin/1?excludes=taxonomy,price,promotion,bulk_ship,rating_and_review_reviews,rating_and_review_statistics,question_answer_statistics"
21:52:43.464 [Test worker] DEBUG org.springframework.web.client.RestTemplate - Setting request Accept header to [application/json, application/*+json]
21:52:43.663 [Test worker] DEBUG org.springframework.web.client.RestTemplate - GET request for "http://redsky.target.com/v1/pdp/tcin/1?excludes=taxonomy,price,promotion,bulk_ship,rating_and_review_reviews,rating_and_review_statistics,question_answer_statistics" resulted in 404 (Not Found); invoking error handler
21:52:43.664 [Test worker] DEBUG org.springframework.web.servlet.mvc.method.annotation.ExceptionHandlerExceptionResolver - Resolving exception from handler [public myRetail.MyProduct myRetail.RetailController.product(java.lang.String) throws java.lang.Exception]: myRetail.ProductNotFoundException: 1
21:52:43.664 [Test worker] DEBUG org.springframework.web.servlet.mvc.method.annotation.ExceptionHandlerExceptionResolver - Invoking @ExceptionHandler method: public org.springframework.http.ResponseEntity<java.lang.Object> myRetail.RetailControllerExceptionHandler.productNotFound(myRetail.ProductNotFoundException,org.springframework.web.context.request.WebRequest)
21:52:43.664 [Test worker] DEBUG org.springframework.web.servlet.mvc.method.annotation.HttpEntityMethodProcessor - Written [Product not found for id: 1.  Enter a valid product.] as "text/plain" using [org.springframework.http.converter.StringHttpMessageConverter@5c2c34c2]
21:52:43.664 [Test worker] DEBUG org.springframework.test.web.servlet.TestDispatcherServlet - Null ModelAndView returned to DispatcherServlet with name '': assuming HandlerAdapter completed request handling
21:52:43.664 [Test worker] DEBUG org.springframework.test.web.servlet.TestDispatcherServlet - Successfully completed request

MockHttpServletRequest:
      HTTP Method = GET
      Request URI = /products/1
       Parameters = {}
          Headers = {}

Handler:
             Type = myRetail.RetailController
           Method = public myRetail.MyProduct myRetail.RetailController.product(java.lang.String) throws java.lang.Exception

Async:
    Async started = false
     Async result = null

Resolved Exception:
             Type = myRetail.ProductNotFoundException

ModelAndView:
        View name = null
             View = null
            Model = null

FlashMap:
       Attributes = null

MockHttpServletResponse:
           Status = 409
    Error message = null
          Headers = {Content-Type=[text/plain;charset=ISO-8859-1], Content-Length=[52]}
     Content type = text/plain;charset=ISO-8859-1
             Body = Product not found for id: 1.  Enter a valid product.
    Forwarded URL = null
   Redirected URL = null
          Cookies = []
21:52:43.665 [Test worker] DEBUG org.springframework.test.context.cache.DefaultCacheAwareContextLoaderDelegate - Retrieved ApplicationContext from cache with key [[WebMergedContextConfiguration@797dda37 testClass = RetailControllerTest, locations = '{}', classes = '{class myRetail.RetailControllerTest$Config}', contextInitializerClasses = '[]', activeProfiles = '{}', propertySourceLocations = '{}', propertySourceProperties = '{}', contextCustomizers = set[org.springframework.boot.test.context.filter.ExcludeFilterContextCustomizer@24515c91, org.springframework.boot.test.mock.mockito.MockitoContextCustomizer@0, org.springframework.boot.test.autoconfigure.properties.PropertyMappingContextCustomizer@0, org.springframework.boot.test.autoconfigure.web.servlet.WebDriverContextCustomizerFactory$Customizer@6cee9291, org.springframework.test.context.web.socket.MockServerContainerContextCustomizer@79be6ea4], resourceBasePath = 'src/main/webapp', contextLoader = 'org.springframework.test.context.web.WebDelegatingSmartContextLoader', parent = [null]]]
21:52:43.665 [Test worker] DEBUG org.springframework.test.context.cache - Spring test ApplicationContext cache statistics: [DefaultContextCache@67fb359a size = 1, maxSize = 32, parentContextCount = 0, hitCount = 33, missCount = 1]
21:52:43.665 [Test worker] DEBUG org.springframework.test.context.cache.DefaultCacheAwareContextLoaderDelegate - Retrieved ApplicationContext from cache with key [[WebMergedContextConfiguration@797dda37 testClass = RetailControllerTest, locations = '{}', classes = '{class myRetail.RetailControllerTest$Config}', contextInitializerClasses = '[]', activeProfiles = '{}', propertySourceLocations = '{}', propertySourceProperties = '{}', contextCustomizers = set[org.springframework.boot.test.context.filter.ExcludeFilterContextCustomizer@24515c91, org.springframework.boot.test.mock.mockito.MockitoContextCustomizer@0, org.springframework.boot.test.autoconfigure.properties.PropertyMappingContextCustomizer@0, org.springframework.boot.test.autoconfigure.web.servlet.WebDriverContextCustomizerFactory$Customizer@6cee9291, org.springframework.test.context.web.socket.MockServerContainerContextCustomizer@79be6ea4], resourceBasePath = 'src/main/webapp', contextLoader = 'org.springframework.test.context.web.WebDelegatingSmartContextLoader', parent = [null]]]
21:52:43.665 [Test worker] DEBUG org.springframework.test.context.cache - Spring test ApplicationContext cache statistics: [DefaultContextCache@67fb359a size = 1, maxSize = 32, parentContextCount = 0, hitCount = 34, missCount = 1]
21:52:43.665 [Test worker] DEBUG org.springframework.beans.factory.support.DefaultListableBeanFactory - Returning cached instance of singleton bean 'org.springframework.boot.test.mock.mockito.MockitoBeans'
21:52:43.665 [Test worker] DEBUG org.springframework.test.context.cache.DefaultCacheAwareContextLoaderDelegate - Retrieved ApplicationContext from cache with key [[WebMergedContextConfiguration@797dda37 testClass = RetailControllerTest, locations = '{}', classes = '{class myRetail.RetailControllerTest$Config}', contextInitializerClasses = '[]', activeProfiles = '{}', propertySourceLocations = '{}', propertySourceProperties = '{}', contextCustomizers = set[org.springframework.boot.test.context.filter.ExcludeFilterContextCustomizer@24515c91, org.springframework.boot.test.mock.mockito.MockitoContextCustomizer@0, org.springframework.boot.test.autoconfigure.properties.PropertyMappingContextCustomizer@0, org.springframework.boot.test.autoconfigure.web.servlet.WebDriverContextCustomizerFactory$Customizer@6cee9291, org.springframework.test.context.web.socket.MockServerContainerContextCustomizer@79be6ea4], resourceBasePath = 'src/main/webapp', contextLoader = 'org.springframework.test.context.web.WebDelegatingSmartContextLoader', parent = [null]]]
21:52:43.665 [Test worker] DEBUG org.springframework.test.context.cache - Spring test ApplicationContext cache statistics: [DefaultContextCache@67fb359a size = 1, maxSize = 32, parentContextCount = 0, hitCount = 35, missCount = 1]
21:52:43.665 [Test worker] DEBUG org.springframework.test.context.support.AbstractDirtiesContextTestExecutionListener - After test method: context [DefaultTestContext@2d996f99 testClass = RetailControllerTest, testInstance = myRetail.RetailControllerTest@766d144b, testMethod = testGetNonExistentProducts@RetailControllerTest, testException = [null], mergedContextConfiguration = [WebMergedContextConfiguration@797dda37 testClass = RetailControllerTest, locations = '{}', classes = '{class myRetail.RetailControllerTest$Config}', contextInitializerClasses = '[]', activeProfiles = '{}', propertySourceLocations = '{}', propertySourceProperties = '{}', contextCustomizers = set[org.springframework.boot.test.context.filter.ExcludeFilterContextCustomizer@24515c91, org.springframework.boot.test.mock.mockito.MockitoContextCustomizer@0, org.springframework.boot.test.autoconfigure.properties.PropertyMappingContextCustomizer@0, org.springframework.boot.test.autoconfigure.web.servlet.WebDriverContextCustomizerFactory$Customizer@6cee9291, org.springframework.test.context.web.socket.MockServerContainerContextCustomizer@79be6ea4], resourceBasePath = 'src/main/webapp', contextLoader = 'org.springframework.test.context.web.WebDelegatingSmartContextLoader', parent = [null]]], class annotated with @DirtiesContext [false] with mode [null], method annotated with @DirtiesContext [false] with mode [null].
21:52:43.665 [Test worker] DEBUG org.springframework.test.context.web.ServletTestExecutionListener - Resetting RequestContextHolder for test context [DefaultTestContext@2d996f99 testClass = RetailControllerTest, testInstance = myRetail.RetailControllerTest@766d144b, testMethod = testGetNonExistentProducts@RetailControllerTest, testException = [null], mergedContextConfiguration = [WebMergedContextConfiguration@797dda37 testClass = RetailControllerTest, locations = '{}', classes = '{class myRetail.RetailControllerTest$Config}', contextInitializerClasses = '[]', activeProfiles = '{}', propertySourceLocations = '{}', propertySourceProperties = '{}', contextCustomizers = set[org.springframework.boot.test.context.filter.ExcludeFilterContextCustomizer@24515c91, org.springframework.boot.test.mock.mockito.MockitoContextCustomizer@0, org.springframework.boot.test.autoconfigure.properties.PropertyMappingContextCustomizer@0, org.springframework.boot.test.autoconfigure.web.servlet.WebDriverContextCustomizerFactory$Customizer@6cee9291, org.springframework.test.context.web.socket.MockServerContainerContextCustomizer@79be6ea4], resourceBasePath = 'src/main/webapp', contextLoader = 'org.springframework.test.context.web.WebDelegatingSmartContextLoader', parent = [null]]].
21:52:43.666 [Test worker] DEBUG org.springframework.test.context.support.AbstractDirtiesContextTestExecutionListener - After test class: context [DefaultTestContext@2d996f99 testClass = RetailControllerTest, testInstance = [null], testMethod = [null], testException = [null], mergedContextConfiguration = [WebMergedContextConfiguration@797dda37 testClass = RetailControllerTest, locations = '{}', classes = '{class myRetail.RetailControllerTest$Config}', contextInitializerClasses = '[]', activeProfiles = '{}', propertySourceLocations = '{}', propertySourceProperties = '{}', contextCustomizers = set[org.springframework.boot.test.context.filter.ExcludeFilterContextCustomizer@24515c91, org.springframework.boot.test.mock.mockito.MockitoContextCustomizer@0, org.springframework.boot.test.autoconfigure.properties.PropertyMappingContextCustomizer@0, org.springframework.boot.test.autoconfigure.web.servlet.WebDriverContextCustomizerFactory$Customizer@6cee9291, org.springframework.test.context.web.socket.MockServerContainerContextCustomizer@79be6ea4], resourceBasePath = 'src/main/webapp', contextLoader = 'org.springframework.test.context.web.WebDelegatingSmartContextLoader', parent = [null]]], class annotated with @DirtiesContext [false] with mode [null].
]]></system-out>
  <system-err><![CDATA[]]></system-err>
</testsuite>
